00001, 5.4  
00001, 5.1  
00001, 5.2  
00001, 3.5  
00001, 4.2  
00002, 3.0  
00001, 4.7  
00001, 3.8  
00001, 1.2  
00002, 4.1  
00002, 4.0  
00002, 2.7  
00002, 5.9  
00003, 2.3  
00003, 2.3  
00004, 0.5  
00003, 53.4 
00004, 3.6  
00002, 53.3 
00005, 53.5 
00001, 2.5  
00001, 4.0  
00001, 4.3  
00001, 5.5  
00001, 4.6  
00002, 3.7  
00002, 3.6  
00003, 53.4 
00001, 18.2 
00001, 53.6 
00001, 6.4  
00003, 9.3  
00002, 6.7  
00003, 11.4 
00002, 20.6 
00004, 4.3  
00002, 3.3  
00002, 1.7  
00002, 8.5  
00004, 4.4  
00003, 3.6  
00003, 4.6  
00004, 4.9  
00004, 2.7  
00003, 3.6  
00005, 3.1  
00004, 2.5  
00005, 3.2  
00005, 0.8  
00004, 1.1  
00003, 4.3  
00005, 2.6  
00006, 5.5  
00007, 2.5  
00006, 3.1  
00008, 0.4  
00007, 1.1  
00004, 1.8  
00002, 2.0  
00005, 1.9  
00009, 1.5  
00006, 3.0  
00006, 2.5  
00008, 2.0  
00010, 1.3  
00007, 0.9  
00009, 3.0  
00007, 1.7  
00010, 0.4  
00005, 1.0  
00011, 0.3  
00008, 0.3  
00012, 2.2  
00006, 2.4  
00005, 5.4  
00009, -0.1 
00013, 1.4  
00003, 1.9  
00006, 3.6  
00014, 4.1  
00004, 5.0  
00015, 2.1  
00010, 7.0  
00011, 3.7  
00012, 4.0  
00016, 16.6 
00007, 7.3  
00011, 4.2  
00006, 7.3  
00013, 6.4  
00008, 5.3  
00009, 3.4  
00010, 3.1  
00017, 1.8  
00011, 3.8  
00008, 4.7  
00007, 2.8  
00005, 7.4  
00008, 8.3  
00009, 4.6  
00009, 5.6  
00007, 2.8  
00012, 4.5  
00006, 5.0  
00010, 2.7  
00018, 3.2  
00008, 14.0 
00012, 0.7  
00013, 1.0  
00010, 5.2  
00019, 2.9  
00014, 7.4  
00011, 5.9  
00014, 3.1  
00007, 2.0  
00012, 6.7  
00015, 53.3 
00013, 6.4  
00008, 5.7  
00009, 6.2  
00011, 5.6  
00010, 4.2  
00009, 53.5 
00011, 13.8 
00014, 5.2  
00016, 2.4  
00012, 7.1  
00015, 53.4 
00012, 4.3  
00013, 6.9  
00010, 5.2  
00016, 3.3  
00015, 11.7 
00017, 53.5 
00017, 53.6 
00018, 5.8  
00019, 53.4 
00011, 53.5 
00018, 53.3 
00020, 53.3 
00012, 12.7 
00016, 53.4 
00014, 13.0 
00013, 53.7 
00019, 53.4 
00013, 2.6  
00014, 8.4  
00020, 3.1  
00020, 53.4 
00021, 3.1  
00013, 4.8  
00014, 1.6  
00014, 3.0  
00017, 4.8  
00021, 5.9  
00018, 8.1  
00021, 0.8  
00015, 7.0  
00022, -0.1 
00015, 2.8  
00023, -0.1 
00024, 1.9  
00016, 2.7  
00015, 3.4  
00016, 6.0  
00017, 7.0  
00018, 1.7  
00022, 5.1  
00019, 8.1  
00023, 0.9  
00017, 4.2  
00022, 5.5  
00019, 9.8  
00023, 6.6  
00025, 53.3 
00024, 53.4 
00024, 53.4 
00026, 53.5 
00020, 16.2 
00025, 3.6  
00026, 53.5 
00020, 53.3 
00016, 5.7  
00017, 13.7 
00018, 1.5  
00027, 53.5 
00027, 9.3  
00028, 53.5 
00021, 0.6  
00029, 5.4  
00018, 3.4  
00015, 53.6 
00025, 5.1  
00026, 5.3  
00030, 7.4  
00019, 1.7  
00027, 4.9  
00016, 4.9  
00017, 13.2 
00022, 1.7  
00028, 4.8  
00031, 4.7  
00019, 6.2  
00023, 7.3  
00020, 7.4  
00024, 1.7  
00018, 53.4 
00019, 5.6  
00032, 1.4  
00029, 3.3  
00025, 2.9  
00021, 5.5  
00033, 16.5 
00021, 53.5 
00022, 53.4 
00020, 53.5 
00023, 5.1  
00020, 4.0  
00021, 53.4 
00030, 6.3  
00021, 6.1  
00026, 8.0  
00027, -0.2 
00034, 53.5 
00028, 2.1  
00022, 1.7  
00028, 4.9  
00022, 4.0  
00035, 4.7  
00036, 6.7  
00029, 7.0  
00029, 2.8  
00037, 1.1  
00030, 10.6 
00023, 53.4 
00024, 2.5  
00022, 53.5 
00025, 5.5  
00023, 5.3  
00030, 3.4  
00038, 53.4 
00031, 10.9 
00031, 7.7  
00024, 4.6  
00032, 53.3 
00031, 53.4 
00039, -0.2 
00032, 5.8  
00040, 4.5  
00023, 53.5 
00025, 5.1  
00041, 53.5 
00026, 1.3  
00027, 53.4 
00032, 5.3  
00024, 53.3 
00024, 53.3 
00026, 53.4 
00033, 4.0  
00033, 53.4 
00028, 9.1  
00025, 53.4 
00034, 4.1  
00026, 3.1  
00042, 53.4 
00033, 6.9  
00043, 53.3 
00044, 2.0  
00034, 53.4 
00035, 2.2  
00035, -0.5 
00034, 6.2  
00036, 6.7  
00037, 7.2  
00038, 3.9  
00036, 1.9  
00029, 53.5 
00037, 1.6  
00027, 53.5 
00045, 0.5  
00030, 5.1  
00025, 4.6  
00027, 7.4  
00039, 3.7  
00040, 2.9  
00028, 53.4 
00031, 2.4  
00041, 5.2  
00028, 53.6 
00035, 53.4 
00042, 5.9  
00032, 3.7  
00033, 2.7  
00036, 1.1  
00029, 53.1 
00038, 4.8  
00037, 53.4 
00046, 53.5 
00043, 53.3 
00029, 53.5 
00047, 5.8  
00044, 53.3 
00030, 53.4 
00026, 53.4 
00039, 53.3 
00034, 53.5 
00038, 53.3 
00045, 0.5  
00048, 10.6 
00049, 18.0 
00050, 53.7 
00040, 7.0  
00030, 7.5  
00046, 53.4 
00041, 2.2  
00027, 0.5  
00031, 0.5  
00047, 3.0  
00048, 0.5  
00035, 53.5 
00049, 7.1  
00036, -0.6 
00031, 4.8  
00028, 53.6 
00032, 10.2 
00039, 53.4 
00040, 53.4 
00033, 5.1  
00042, 53.4 
00050, 53.5 
00051, 53.5 
00041, 53.5 
00034, 5.1  
00029, 53.5 
00042, 53.6 
00037, 5.1  
00030, 53.5 
00052, 53.5 
00032, 3.1  
00035, 10.0 
00043, 2.3  
00043, 4.5  
00033, 53.5 
00038, 53.3 
00031, 7.3  
00034, 1.8  
00036, 1.9  
00044, 3.4  
00053, 3.4  
00054, 3.9  
00032, 4.5  
00033, 1.0  
00045, 1.5  
00046, 1.4  
00035, 3.2  
00034, 2.6  
00039, 3.8  
00040, 2.1  
00055, 2.0  
00056, 0.3  
00037, 3.0  
00035, 3.5  
00047, 0.3  
00038, 2.6  
00036, 3.5  
00057, 0.7  
00058, 3.4  
00041, 0.4  
00037, 3.6  
00036, 6.1  
00037, 53.5 
00042, 53.4 
00051, 53.3 
00043, 53.3 
00044, 53.3 
00045, 3.8  
00059, 8.1  
00038, 53.6 
00052, 53.5 
00038, 4.1  
00044, 7.0  
00039, 53.6 
00039, 7.4  
00060, 53.4 
00053, 3.7  
00048, 0.1  
00045, 5.9  
00049, 2.8  
00039, 53.3 
00054, 6.6  
00046, 53.4 
00040, 2.6  
00050, 5.2  
00041, 53.5 
00061, 1.2  
00051, 53.4 
00040, 53.4 
00062, 53.4 
00042, 4.1  
00041, 53.4 
00046, 53.5 
00043, 53.3 
00047, 3.8  
00040, 5.6  
00041, 7.4  
00047, 0.8  
00042, 4.2  
00052, 0.7  
00048, 1.8  
00048, 53.7 
00049, 3.9  
00049, 5.9  
00042, 2.0  
00050, 4.3  
00044, 0.5  
00043, 4.6  
00045, 8.2  
00043, 8.7  
00046, 1.5  
00047, 4.2  
00051, 0.1  
00044, 4.0  
00063, 3.5  
00064, 6.8  
00065, 4.7  
00066, 0.3  
00053, 3.9  
00055, 2.9  
00052, 7.7  
00048, 2.3  
00056, 53.3 
00049, 53.3 
00067, 3.5  
00045, 8.1  
00050, -0.2 
00053, 8.7  
00050, 6.0  
00051, 7.5  
00046, 7.1  
00047, 8.4  
00052, 53.4 
00048, 53.5 
00053, 53.4 
00044, 2.8  
00068, 53.3 
00057, 5.3  
00054, 53.5 
00054, 53.5 
00055, 8.5  
00058, 1.8  
00055, 5.8  
00056, 6.3  
00056, 53.3 
00045, 0.2  
00069, 53.4 
00051, 5.5  
00070, 5.7  
00052, 3.2  
00071, 11.2 
00057, 53.3 
00059, 13.3 
00058, 1.8  
00072, 7.2  
00057, 12.6 
00060, 5.4  
00059, 0.4  
00073, 5.2  
00060, 1.9  
00074, 6.9  
00058, 2.0  
00053, 53.5 
00061, 53.4 
00061, 9.2  
00054, 53.5 
00055, 53.3 
00062, 53.5 
00062, 53.3 
00059, 8.8  
00063, 53.4 
00054, 7.8  
00056, 1.0  
00057, 10.2 
00063, 53.3 
00075, 7.6  
00058, 4.5  
00064, 10.9 
00064, 53.4 
00076, 53.5 
00049, 2.7  
00046, 3.3  
00050, 2.2  
00055, 7.9  
00051, 8.5  
00065, 2.7  
00077, 2.7  
00052, 2.7  
00078, 1.6  
00060, 3.4  
00079, 2.0  
00053, 3.8  
00047, 53.4 
00048, 53.4 
00056, 53.5 
00049, 6.6  
00057, 7.4  
00054, 53.4 
00055, 53.5 
00066, 53.3 
00056, 53.6 
00065, 53.4 
00067, 53.5 
00061, 3.3  
00058, 53.3 
00059, 53.5 
00066, 53.5 
00050, 4.6  
00060, 53.4 
00059, 7.6  
00051, 7.6  
00068, 53.3 
00060, 53.4 
00080, 4.8  
00069, 53.3 
00057, 53.4 
00070, 6.1  
00081, 53.4 
00061, 53.4 
00061, 53.4 
00062, 8.4  
00082, 7.1  
00067, 4.4  
00062, 53.4 
00052, 53.3 
00068, 53.5 
00058, 53.5 
00071, 53.4 
00083, 3.3  
00072, 7.5  
00069, 53.4 
00084, 6.0  
00085, 53.5 
00053, 7.8  
00063, 1.3  
00086, 2.4  
00059, 6.4  
00087, 3.2  
00060, 7.3  
00073, 4.1  
00088, 53.5 
00064, 0.7  
00089, 5.0  
00074, 6.3  
00070, 1.6  
00054, 10.5 
00065, 53.5 
00066, 53.5 
00055, 53.3 
00075, 53.3 
00090, 4.5  
00076, 6.6  
00071, 4.8  
00063, 53.3 
00077, 13.1 
00091, 53.4 
00072, 1.1  
00056, 0.9  
00062, 2.3  
00064, 53.3 
00073, 53.5 
00074, 1.7  
00063, 53.4 
00078, 53.4 
00075, 6.5  
00057, 8.7  
00092, 1.9  
00061, 53.7 
00067, 6.0  
00093, 3.7  
00058, 9.1  
00076, 1.2  
00059, 5.2  
00065, 6.0  
00094, -0.2 
00077, 53.4 
00064, 7.6  
00065, 5.5  
00066, 1.8  
00078, 6.9  
00095, 6.4  
00060, 53.4 
00067, 10.9 
00068, 0.9  
00068, 53.6 
00079, 53.5 
00061, 6.5  
00066, 13.5 
00067, 6.6  
00069, 5.0  
00062, 53.4 
00068, 53.5 
00070, 53.4 
00080, 1.6  
00063, 20.7 
00071, 12.1 
00079, 53.4 
00069, 53.4 
00070, 2.4  
00064, 53.5 
00096, 53.4 
00072, 4.5  
00069, 8.5  
00073, 53.5 
00071, 16.3 
00097, 53.4 
00081, 53.3 
00072, 53.4 
00074, 53.4 
00075, 3.9  
00065, 53.4 
00070, 4.0  
00071, 1.1  
00082, 2.8  
00083, 4.5  
00098, 3.1  
00080, 6.9  
00099, 4.7  
00084, 2.3  
00072, 4.0  
00076, 4.4  
00073, 5.9  
00062, 6.8  
00063, 7.4  
00074, 2.4  
00100, 7.2  
00073, 3.7  
00064, 4.0  
00066, 53.4 
00101, 1.2  
00085, 7.7  
00102, 4.3  
00077, 1.8  
00081, 53.4 
00086, 10.1 
00082, 53.5 
00087, 0.9  
00078, 1.5  
00079, 4.5  
00065, 9.1  
00075, 0.0  
00103, 2.9  
00076, 1.0  
00083, 0.1  
00067, 7.2  
00066, 3.6  
00068, 53.4 
00088, 53.7 
00080, 3.5  
00081, 7.3  
00069, 6.2  
00104, 7.1  
00070, 13.3 
00084, 53.4 
00089, 5.0  
00071, 1.4  
00072, 2.0  
00067, 53.5 
00074, 53.5 
00077, 53.3 
00085, 53.5 
00090, 4.5  
00086, 3.5  
00087, 53.4 
00078, 4.7  
00105, 3.7  
00091, 3.0  
00073, 53.4 
00074, 3.8  
00075, 7.2  
00079, 3.1  
00075, 53.4 
00092, 53.4 
00088, 4.4  
00089, 53.4 
00106, 9.3  
00107, 6.9  
00093, 53.4 
00090, 5.2  
00076, 53.5 
00108, 5.9  
00109, 0.8  
00068, 7.3  
00077, 6.2  
00082, 5.5  
00080, 53.3 
00110, 3.0  
00111, 5.9  
00076, 0.3  
00112, 5.5  
00113, 4.9  
00091, 2.9  
00092, 3.3  
00077, 2.8  
00078, 53.7 
00093, 0.6  
00079, 3.8  
00114, 6.0  
00080, 53.4 
00081, 5.4  
00083, 6.8  
00081, 53.4 
00082, 53.3 
00094, 2.9  
00094, 4.1  
00095, 4.6  
00096, 53.5 
00082, 53.5 
00078, 53.4 
00115, 53.5 
00069, 4.0  
00116, 8.5  
00070, 2.7  
00095, 53.4 
00083, 53.4 
00083, 53.3 
00097, 3.2  
00098, 53.8 
00117, 53.5 
00071, 12.7 
00072, 53.5 
00084, 53.3 
00084, 3.8  
00099, 7.2  
00118, 53.4 
00085, 4.0  
00073, 8.4  
00074, 3.0  
00100, 4.2  
00101, 6.2  
00075, 53.4 
00102, 5.6  
00079, 2.3  
00096, 10.3 
00085, 8.6  
00086, 53.3 
00084, 7.4  
00119, 3.6  
00085, 53.4 
00097, 53.4 
00103, 4.7  
00086, 2.3  
00098, 2.7  
00076, 4.9  
00086, 53.6 
00077, 6.7  
00080, 53.3 
00087, 53.4 
00081, 4.3  
00099, 2.2  
00087, 1.7  
00104, 6.3  
00088, 2.6  
00078, 7.7  
00105, 2.1  
00120, 4.8  
00088, 1.0  
00087, 3.4  
00121, 3.4  
00088, 4.8  
00079, 7.4  
00089, 5.1  
00106, 5.2  
00122, 4.5  
00090, 7.2  
00107, 53.4 
00108, 6.1  
00109, 2.2  
00089, 1.4  
00080, 53.4 
00091, 3.1  
00123, 4.9  
00124, 3.4  
00089, 53.5 
00082, 53.3 
00081, 6.9  
00090, 4.4  
00091, 3.4  
00090, 4.5  
00100, 2.1  
00082, 53.4 
00083, 1.7  
00110, 53.5 
00101, 4.7  
00102, 2.4  
00083, 1.9  
00084, 2.9  
00092, 5.0  
00103, 2.7  
00125, 6.6  
00085, 10.0 
00126, 0.6  
00111, 4.5  
00093, 3.4  
00086, 4.3  
00112, 1.0  
00091, 53.5 
00104, 2.5  
00084, 53.6 
00113, 3.7  
00087, 6.5  
00127, 53.4 
00128, 6.1  
00094, 53.5 
00129, 53.4 
00092, 53.4 
00093, 53.4 
00092, 53.5 
00095, 53.6 
00114, 53.5 
00093, 53.3 
00105, 53.7 
00115, 53.3 
00094, 6.5  
00095, 2.0  
00096, 4.2  
00088, 53.3 
00130, 1.5  
00131, 53.4 
00085, 53.6 
00132, 53.4 
00116, 53.4 
00117, 1.6  
00089, 7.1  
00094, 53.4 
00095, 4.4  
00106, 53.4 
00133, 53.4 
00090, 53.4 
00134, 53.3 
00097, 3.9  
00096, 0.2  
00086, 4.1  
00096, 3.5  
00135, 6.9  
00087, 2.2  
00097, 6.6  
00098, 3.5  
00091, 0.0  
00107, 3.7  
00098, 0.6  
00099, 3.2  
00108, 1.7  
00088, 5.7  
00089, 5.3  
00136, 6.9  
00100, 53.6 
00109, 53.4 
00097, 53.5 
00137, 2.6  
00098, 53.5 
00138, 53.5 
00090, 5.7  
00118, 4.0  
00110, 9.2  
00119, 53.5 
00111, 7.4  
00099, 53.5 
00139, 53.4 
00101, 53.4 
00099, 53.3 
00100, 8.7  
00101, 10.3 
00102, 53.5 
00091, 53.3 
00092, 3.4  
00100, 53.4 
00140, 7.5  
00102, 4.7  
00120, 4.9  
00141, 7.7  
00112, 53.3 
00121, 4.3  
00101, 3.5  
00142, 53.3 
00103, 53.4 
00143, 0.6  
00104, 53.6 
00092, 53.5 
00103, 53.5 
00102, 5.2  
00122, 3.1  
00113, 6.2  
00105, 53.5 
00114, 1.2  
00115, 53.4 
00116, 6.2  
00123, 4.2  
00103, 3.8  
00093, 7.8  
00117, 53.5 
00104, 3.8  
00093, 13.2 
00106, 2.6  
00094, 7.8  
00105, 3.1  
00124, 53.4 
00118, 2.3  
00119, 6.3  
00104, 4.8  
00125, 4.3  
00107, 1.8  
00106, 3.1  
00094, 3.4  
00095, 3.8  
00126, 8.2  
00107, 6.5  
00095, 4.1  
00108, 5.5  
00096, 1.2  
00108, 53.5 
00120, 4.3  
00144, 53.5 
00109, 4.3  
00110, 7.5  
00097, 7.6  
00127, 53.5 
00121, 8.1  
00122, 53.5 
00111, 53.5 
00145, 7.9  
00105, 53.5 
00128, 53.5 
00112, 7.2  
00146, 5.6  
00113, 3.4  
00123, 53.4 
00096, 0.7  
00106, 4.4  
00098, 3.0  
00147, 4.5  
00109, 4.8  
00148, 2.0  
00107, 7.1  
00108, 1.6  
00114, 53.3 
00129, 4.3  
00110, 10.1 
00130, 4.5  
00149, 53.4 
00131, 53.5 
00115, 53.3 
00116, 53.5 
00117, 8.1  
00111, 53.5 
00112, 53.3 
00097, 53.3 
00098, 53.3 
00118, 53.3 
00099, 53.4 
00150, 53.4 
00100, 4.6  
00099, 53.5 
00124, 53.5 
00119, 53.4 
00151, 3.1  
00132, 5.2  
00113, 7.1  
00133, 4.7  
00120, 4.5  
00125, 53.4 
00126, 2.9  
00100, 53.3 
00152, 6.0  
00114, 53.4 
00121, 53.3 
00115, 53.4 
00153, -0.5 
00109, 7.2  
00110, 2.9  
00127, 3.1  
00128, 3.0  
00116, 7.5  
00134, 5.4  
00154, 3.0  
00117, 53.4 
00135, 6.0  
00101, 5.0  
00136, 4.4  
00118, 53.5 
00119, 53.5 
00122, 6.6  
00123, 4.7  
00124, 2.7  
00111, 17.2 
00102, 5.3  
00101, 4.0  
00120, 53.4 
00137, 4.7  
00138, 5.8  
00129, 5.8  
00125, 53.4 
00112, 53.3 
00113, 4.6  
00155, 53.4 
00102, 5.5  
00114, 6.1  
00126, 53.4 
00139, 2.9  
00103, 53.5 
00140, 3.2  
00103, 5.6  
00127, 2.0  
00156, 2.1  
00115, 5.4  
00128, 0.8  
00116, 4.2  
00129, 4.3  
00157, 2.9  
00121, 4.9  
00104, 4.1  
00104, 7.7  
00130, 7.7  
00131, 2.8  
00158, 4.0  
00141, 4.5  
00130, 3.3  
00105, 3.9  
00132, 1.0  
00133, 4.0  
00105, 1.2  
00106, 2.5  
00142, 4.8  
00131, 6.6  
00134, 5.4  
00107, 6.3  
00117, 8.2  
00143, 4.6  
00159, 5.7  
00132, 53.5 
00108, 53.4 
00122, 53.3 
00160, 2.1  
00109, 1.8  
00123, 1.3  
00144, 53.5 
00145, 2.3  
00146, 2.9  
00133, 4.0  
00161, 2.7  
00147, 1.8  
00135, 8.6  
00118, 6.0  
00148, 3.2  
00110, 7.2  
00124, 4.1  
00125, 2.7  
00134, 2.0  
00135, 2.7  
00149, 5.2  
00001, 2.5  
00001, 1.8  
00001, 6.8  
00002, 1.8  
00001, 1.5  
00002, 2.5  
00002, 4.3  
00002, 3.3  
00001, 11.3 
00003, 53.4 
00001, 53.8 
00003, 8.6  
00002, 7.2  
00003, 4.6  
00003, 4.2  
00001, 9.6  
00001, 7.9  
00004, 53.4 
00003, 6.4  
00004, 7.6  
00004, 3.5  
00004, 5.1  
00005, 6.5  
00005, 1.3  
00006, 6.2  
00006, 6.7  
00007, 4.1  
00002, 13.2 
00002, 53.4 
00005, 53.3 
00007, 6.8  
00003, 6.5  
00004, 2.7  
00005, 11.4 
00002, 2.1  
00008, 2.6  
00009, 53.4 
00008, 6.2  
00009, 4.5  
00010, 5.3  
00010, 12.1 
00003, 8.8  
00003, 8.0  
00011, 3.1  
00004, 3.0  
00006, 9.5  
00012, 53.5 
00005, 53.3 
00005, 53.3 
00004, 8.0  
00011, 5.3  
00006, 53.5 
00007, 53.5 
00013, 53.4 
00006, 19.0 
00012, 53.4 
00008, 53.6 
00007, 53.5 
00009, 53.4 
00013, 53.5 
00008, 53.4 
00009, 3.0  
00006, 0.7  
00004, 2.7  
00005, 7.7  
00014, 53.5 
00007, 4.3  
00008, 4.4  
00009, 4.4  
00014, 15.2 
00010, 3.3  
00007, 13.8 
00010, 1.0  
00015, 4.0  
00010, 8.0  
00015, 4.9  
00006, 11.9 
00007, 6.8  
00011, 3.4  
00011, 13.6 
00012, 3.2  
00016, 7.5  
00008, -0.3 
00005, 53.5 
00006, 8.7  
00013, 0.9  
00016, 4.0  
00009, 2.3  
00007, 53.5 
00010, 53.5 
00012, 6.7  
00017, 6.1  
00013, 53.5 
00014, 0.9  
00015, 5.7  
00017, 3.0  
00018, 2.7  
00008, 53.5 
00016, 5.0  
00011, 1.2  
00008, 0.4  
00017, 4.5  
00018, 2.4  
00009, 0.7  
00019, 0.8  
00018, 3.4  
00011, 4.4  
00010, 0.1  
00020, 1.1  
00011, 5.4  
00019, 1.7  
00012, 4.5  
00014, 1.4  
00012, 0.1  
00019, 6.4  
00013, 4.8  
00021, 4.9  
00012, 2.4  
00020, 4.8  
00015, 2.2  
00020, 3.1  
00021, 5.1  
00022, 1.8  
00009, 7.0  
00014, 0.3  
00010, 17.9 
00013, 4.7  
00015, 53.4 
00023, 53.4 
00022, 2.1  
00024, 1.7  
00011, 53.4 
00014, 2.9  
00023, 5.5  
00024, 11.1 
00021, 6.4  
00022, 2.1  
00016, 4.9  
00016, 9.7  
00013, 53.3 
00014, 6.8  
00017, 2.8  
00025, 53.4 
00018, 53.5 
00017, 6.5  
00012, 9.1  
00025, 53.3 
00013, 53.4 
00018, 53.3 
00015, 53.4 
00019, 53.5 
00020, 53.5 
00026, 6.2  
00019, 4.6  
00023, 3.9  
00024, 53.5 
00021, 6.1  
00025, 5.0  
00014, 5.3  
00026, 2.9  
00016, 53.3 
00027, 53.4 
00022, 53.5 
00020, 3.9  
00015, 3.5  
00017, 53.3 
00021, 10.9 
00023, 53.5 
00018, 4.4  
00015, 53.4 
00028, 11.0 
00026, 1.5  
00027, 53.4 
00027, 9.6  
00028, 53.3 
00022, 7.2  
00023, 5.8  
00019, 13.4 
00024, 7.2  
00028, 4.1  
00029, 1.2  
00016, 11.0 
00029, 3.6  
00030, 6.1  
00020, 1.9  
00024, 8.4  
00016, 4.8  
00025, 4.3  
00021, 53.4 
00026, 5.2  
00017, 53.4 
00022, 3.6  
00031, 13.5 
00025, 6.6  
00017, 15.3 
00018, 6.1  
00027, 9.0  
00026, 53.4 
00028, 53.3 
00030, 7.4  
00032, 3.1  
00023, 3.4  
00029, 10.2 
00033, 5.6  
00030, 0.1  
00018, 7.5  
00027, 2.4  
00028, 6.4  
00019, 5.0  
00029, 5.9  
00034, 3.3  
00024, 1.7  
00025, 5.1  
00020, 4.5  
00031, -0.3 
00026, 3.7  
00031, 6.9  
00029, 4.2  
00027, 3.0  
00032, 53.5 
00021, 4.3  
00032, 3.5  
00033, 3.6  
00028, 7.5  
00019, 2.1  
00022, 9.2  
00034, 53.4 
00020, 11.0 
00029, 3.0  
00030, 53.6 
00023, 5.4  
00031, 5.5  
00030, 2.2  
00024, 53.4 
00021, 3.6  
00025, 53.4 
00030, 2.9  
00035, 53.4 
00035, 4.8  
00033, 9.6  
00031, 53.4 
00031, 6.9  
00036, 53.5 
00022, 0.4  
00034, 6.9  
00035, 6.2  
00036, 10.7 
00032, 0.7  
00037, 2.3  
00038, 9.1  
00026, 7.6  
00039, 1.1  
00023, 3.3  
00027, 4.0  
00037, 3.9  
00024, 2.5  
00032, 6.8  
00040, 53.5 
00033, 17.6 
00033, 53.5 
00025, 53.5 
00026, 53.5 
00028, 5.7  
00038, 53.4 
00032, 53.5 
00041, 53.5 
00034, 53.5 
00035, 53.6 
00039, 53.3 
00027, 4.9  
00036, 2.8  
00029, 7.3  
00028, 53.4 
00036, 53.4 
00030, 53.4 
00037, 53.6 
00037, 3.8  
00042, 3.6  
00038, 53.5 
00040, 53.5 
00039, 53.4 
00033, 53.7 
00034, 53.5 
00029, 53.3 
00030, 53.4 
00041, 5.4  
00038, 53.5 
00040, 10.6 
00039, 8.0  
00043, 5.0  
00035, 3.1  
00040, 6.7  
00031, 2.1  
00041, 7.2  
00041, 53.3 
00042, 4.8  
00042, 5.1  
00043, 2.1  
00042, 4.0  
00031, 53.4 
00032, 53.5 
00044, 6.2  
00044, 4.4  
00043, 8.2  
00044, 5.4  
00043, 2.3  
00034, 53.3 
00045, 2.1  
00045, 3.9  
00036, 4.9  
00037, 5.6  
00046, 53.5 
00046, 53.4 
00047, 5.2  
00035, 4.7  
00038, 53.5 
00048, 1.1  
00036, 53.3 
00039, 53.2 
00045, 12.2 
00033, 2.8  
00040, 3.0  
00032, 3.8  
00044, 1.9  
00047, 4.3  
00034, 8.0  
00035, 53.4 
00046, 12.7 
00048, 0.2  
00041, 2.8  
00037, 2.6  
00045, 53.4 
00036, 3.4  
00033, 10.9 
00049, 0.4  
00038, 6.2  
00037, 3.1  
00039, 53.5 
00049, 2.7  
00047, 3.1  
00050, 53.6 
00042, 53.5 
00043, 9.7  
00034, 17.0 
00038, 2.3  
00039, 1.7  
00040, 1.8  
00051, 53.6 
00046, 13.6 
00035, 3.9  
00036, 10.3 
00052, 53.4 
00053, 53.5 
00041, 53.4 
00054, 53.3 
00055, 5.5  
00042, 9.5  
00040, 53.4 
00050, 53.5 
00041, 53.5 
00056, 5.5  
00057, 5.6  
00047, 8.1  
00051, 5.8  
00043, 4.9  
00042, 7.6  
00052, 0.7  
00037, 53.5 
00048, 2.8  
00048, 2.9  
00053, 2.6  
00044, 6.8  
00049, 6.3  
00054, 11.5 
00058, 1.1  
00038, 4.7  
00043, 5.4  
00044, 6.3  
00055, 53.4 
00050, 53.3 
00039, 4.5  
00056, 5.1  
00045, 2.8  
00051, 2.6  
00059, 53.5 
00046, 53.4 
00049, 53.3 
00052, 4.9  
00044, 3.2  
00060, 53.5 
00040, 3.3  
00045, 3.3  
00047, 2.3  
00048, 53.5 
00045, 53.4 
00041, 8.0  
00049, 5.1  
00046, 14.4 
00042, 5.7  
00053, 9.5  
00047, 0.7  
00048, 6.1  
00057, 13.7 
00061, 15.0 
00043, 53.6 
00054, 2.5  
00062, 4.0  
00044, 7.6  
00058, 53.5 
00050, 5.2  
00063, 53.6 
00055, 53.7 
00049, 53.3 
00056, 53.3 
00050, 7.7  
00051, 2.7  
00051, 8.6  
00045, 53.5 
00050, 1.9  
00057, 53.4 
00046, 1.6  
00046, 2.3  
00052, 2.7  
00059, 9.4  
00058, 53.3 
00064, 53.4 
00065, 3.8  
00052, 4.1  
00051, 5.1  
00052, 4.8  
00047, 53.1 
00053, 5.5  
00047, 4.7  
00053, 3.8  
00053, 3.8  
00054, 9.9  
00059, 53.5 
00054, 53.5 
00066, 2.6  
00055, 7.2  
00067, 0.8  
00068, 7.0  
00048, 4.1  
00049, 53.5 
00048, 53.4 
00054, 53.5 
00060, 1.9  
00049, 53.4 
00069, 53.5 
00050, 6.9  
00055, 53.6 
00056, 53.4 
00050, 2.0  
00057, 4.9  
00061, 6.8  
00070, 3.9  
00062, 2.4  
00063, 53.5 
00056, 3.0  
00060, 53.5 
00071, 53.5 
00055, 53.4 
00064, 3.7  
00057, 53.4 
00051, 53.4 
00052, 5.1  
00058, 5.3  
00058, 5.3  
00059, 4.6  
00059, 53.5 
00060, 6.2  
00060, 5.7  
00053, 53.5 
00065, 1.0  
00054, 4.7  
00055, 1.8  
00056, 2.3  
00061, 0.2  
00062, 0.9  
00072, 1.8  
00057, -0.2 
00058, 4.4  
00051, 3.3  
00056, 2.5  
00052, 0.4  
00057, 1.7  
00073, 1.8  
00059, 5.4  
00061, 4.2  
00060, 2.3  
00063, 2.5  
00058, 1.9  
00059, 2.4  
00061, 3.3  
00060, 4.1  
00062, 53.3 
00066, 2.6  
00061, 2.6  
00062, 53.5 
00063, 2.6  
00062, 53.4 
00067, 53.4 
00053, 2.2  
00074, 2.9  
00075, 53.4 
00064, 53.3 
00076, 53.3 
00054, 8.2  
00063, 53.5 
00055, 4.2  
00068, 53.6 
00064, 4.5  
00069, 53.4 
00065, 53.5 
00063, 53.5 
00070, 53.5 
00061, 53.5 
00077, 53.4 
00064, 53.5 
00056, 53.4 
00078, 4.3  
00065, 53.5 
00079, 53.4 
00065, 53.5 
00080, 8.6  
00066, 53.3 
00066, 53.5 
00081, 53.4 
00067, 53.3 
00066, 53.4 
00067, 6.0  
00068, 53.5 
00062, 53.3 
00069, 53.4 
00067, 6.5  
00063, 3.5  
00082, 53.6 
00068, 53.4 
00064, 53.3 
00070, 53.3 
00071, 53.5 
00083, 53.5 
00072, 13.3 
00071, 53.5 
00069, 53.5 
00084, 7.5  
00072, 53.5 
00073, 4.4  
00068, 53.5 
00074, 53.4 
00069, 3.1  
00070, 53.6 
00071, 1.4  
00072, 3.3  
00057, 53.4 
00075, 53.4 
00073, 53.5 
00058, 11.8 
00064, 8.5  
00065, 7.5  
00073, 6.0  
00085, 7.8  
00066, 6.8  
00076, 53.4 
00065, 5.7  
00059, 53.4 
00067, 53.5 
00060, 3.0  
00074, 53.3 
00077, 53.5 
00075, 53.4 
00078, 53.4 
00070, 53.5 
00061, 2.8  
00076, 8.0  
00068, 53.3 
00069, 4.7  
00074, 53.4 
00075, 53.4 
00077, 53.5 
00070, 53.4 
00086, 53.4 
00062, 53.3 
00078, 53.3 
00063, 8.1  
00079, 3.5  
00087, 53.4 
00080, 2.9  
00071, 5.3  
00088, 4.2  
00079, 53.4 
00080, 53.5 
00081, 53.5 
00082, 53.5 
00072, 53.4 
00066, 4.5  
00089, 6.2  
00071, 8.2  
00072, 3.0  
00083, 53.4 
00073, 53.4 
00073, 2.5  
00090, 10.1 
00074, 7.1  
00067, 9.0  
00084, 53.5 
00068, 53.5 
00091, 53.5 
00074, 53.5 
00076, 53.6 
00075, 5.4  
00092, 53.6 
00069, 5.1  
00077, 4.2  
00081, 6.0  
00082, 53.5 
00075, 53.4 
00070, 6.8  
00078, 5.5  
00085, 3.4  
00093, 53.5 
00064, 5.6  
00094, 53.5 
00083, 53.6 
00065, 4.2  
00079, 53.4 
00066, 53.4 
00080, 53.4 
00081, 53.3 
00071, 4.5  
00067, 53.4 
00082, 53.3 
00076, 53.3 
00083, 3.4  
00084, 1.7  
00076, 53.6 
00077, 3.9  
00095, 53.6 
00085, 53.4 
00078, 53.5 
00084, 4.4  
00096, 3.2  
00086, 4.5  
00079, 53.5 
00086, 53.4 
00097, 3.0  
00077, 53.4 
00072, 4.1  
00078, 5.6  
00068, 7.3  
00073, 53.3 
00098, 3.3  
00080, 53.4 
00099, 53.3 
00100, 2.6  
00081, 3.7  
00085, 53.3 
00086, 53.5 
00074, 4.3  
00087, 3.8  
00082, 4.6  
00083, 2.5  
00101, 53.5 
00069, 53.4 
00070, 8.5  
00075, 8.3  
00079, 53.3 
00080, 53.5 
00076, 5.4  
00071, 53.5 
00081, 7.3  
00088, 53.5 
00072, 53.6 
00077, 53.4 
00087, 4.6  
00082, 5.0  
00102, 53.5 
00089, 53.6 
00087, 53.3 
00084, 53.5 
00088, 53.5 
00089, 53.5 
00090, 53.5 
00083, 53.3 
00090, 3.6  
00073, 8.4  
00074, 53.4 
00103, 2.0  
00085, 3.2  
00086, 2.5  
00088, 53.4 
00087, 53.4 
00091, 3.3  
00084, 5.3  
00088, 3.5  
00092, 53.3 
00091, 53.5 
00085, 5.3  
00093, 53.3 
00089, 53.3 
00089, 5.8  
00090, 53.5 
00086, 8.3  
00092, 53.3 
00104, 53.5 
00091, 53.3 
00078, 53.4 
00075, 15.5 
00105, 4.9  
00079, 53.5 
00092, 1.2  
00090, 8.1  
00106, 53.3 
00080, 53.4 
00087, 53.4 
00094, 53.5 
00093, 53.4 
00093, 53.4 
00091, 0.8  
00092, 53.4 
00081, 4.7  
00093, 3.9  
00088, 3.6  
00107, 53.4 
00094, 4.4  
00076, 7.7  
00094, 8.5  
00095, 6.5  
00095, 5.6  
00095, 4.5  
00108, 3.2  
00109, 3.0  
00094, 6.3  
00110, 53.5 
00077, 7.1  
00111, 53.4 
00112, 5.7  
00113, 53.3 
00096, 53.4 
00096, 7.2  
00095, 53.5 
00096, 7.0  
00097, 53.4 
00098, 53.3 
00096, 53.5 
00097, 53.5 
00089, 53.5 
00099, 53.5 
00097, 53.5 
00098, 53.4 
00114, 5.5  
00098, 53.4 
00099, 53.4 
00078, 8.3  
00082, 3.8  
00079, 8.2  
00100, 53.3 
00080, 53.3 
00100, 5.5  
00101, 4.8  
00090, 3.1  
00091, 4.7  
00115, 4.4  
00083, 4.2  
00116, 1.3  
00101, 5.6  
00102, 2.8  
00092, 4.3  
00102, 3.7  
00117, 4.0  
00097, 2.3  
00081, 53.3 
00103, 1.8  
00099, 3.7  
00100, 1.5  
00103, 0.7  
00098, 53.5 
00082, 53.5 
00118, 53.5 
00099, 2.2  
00104, 2.6  
00105, 53.4 
00084, 53.4 
00104, 53.4 
00106, 7.2  
00107, 53.4 
00093, 53.4 
00108, 2.9  
00094, 53.5 
00119, 1.7  
00100, 2.8  
00101, 0.3  
00085, 3.1  
00120, 1.8  
00083, 53.4 
00105, 9.0  
00101, 53.4 
00102, 3.9  
00109, 4.3  
00103, 53.4 
00121, 3.7  
00122, 53.3 
00104, 5.3  
00105, 3.0  
00086, 2.7  
00106, 1.8  
00095, 15.1 
00106, 53.5 
00102, 5.2  
00103, 53.4 
00096, 53.6 
00107, 4.1  
00108, 53.4 
00110, 5.5  
00097, 3.8  
00107, 7.9  
00109, 53.5 
00111, 53.5 
00087, 5.6  
00123, 4.4  
00104, 8.7  
00124, 6.0  
00125, 53.3 
00112, 2.2  
00084, 5.7  
00108, 53.4 
00113, 53.4 
00098, 8.3  
00126, 4.5  
00114, 5.3  
00088, 2.0  
00105, 53.5 
00127, 53.7 
00128, 53.4 
00129, 1.8  
00085, 53.4 
00130, 53.4 
00110, 1.5  
00099, 53.5 
00111, 53.6 
00131, 53.4 
00086, 53.4 
00132, 53.5 
00100, 53.4 
00089, 53.4 
00115, 53.4 
00116, 53.3 
00109, 53.3 
00117, 53.4 
00106, 3.2  
00090, 53.4 
00118, 53.5 
00087, 53.4 
00110, 2.8  
00133, 3.1  
00088, 53.5 
00101, 5.5  
00112, 9.8  
00134, 53.4 
00107, 9.3  
00119, 4.6  
00120, 53.4 
00135, 53.4 
00108, 53.4 
00136, 53.4 
00109, 53.5 
00111, 3.6  
00091, 2.9  
00102, 4.4  
00121, 53.4 
00110, 53.5 
00111, 6.3  
00112, 1.3  
00122, 3.6  
00113, 2.6  
00103, 4.5  
00092, 53.4 
00112, 6.0  
00089, 53.3 
00113, 53.5 
00104, 53.4 
00123, 53.5 
00114, 5.4  
00114, 53.3 
00124, 53.4 
00115, 53.7 
00115, 53.5 
00116, 53.5 
00137, 5.8  
00093, 5.0  
00116, 53.4 
00138, 53.4 
00117, 4.2  
00125, 6.1  
00126, 53.5 
00117, 53.4 
00127, 53.3 
00128, 53.4 
00129, 53.4 
00105, 4.5  
00139, 53.3 
00118, 9.4  
00118, 53.5 
00094, 2.2  
00113, 53.5 
00090, 53.4 
00114, 53.3 
00119, 53.4 
00120, 53.6 
00091, 53.5 
00140, 53.3 
00115, 53.4 
00130, 53.4 
00141, 5.6  
00142, 1.9  
00092, 53.3 
00143, 53.5 
00144, 2.9  
00119, 2.4  
00106, 4.3  
00116, 53.4 
00107, 53.4 
00093, 53.4 
00117, 53.5 
00118, 6.9  
00121, 3.4  
00145, 2.0  
00108, 53.5 
00131, 2.5  
00120, 5.9  
00122, 53.4 
00146, 53.4 
00123, 1.8  
00124, 3.1  
00109, 20.7 
00121, 53.5 
00119, 20.3 
00095, 20.7 
00110, 21.4 
00125, 53.4 
00120, 10.0 
00122, 10.8 
00132, 3.1  
00147, 4.2  
00148, 1.9  
00096, 53.5 
00126, 5.5  
00127, 4.2  
00149, 4.6  
00111, 5.9  
00123, 53.5 
00097, 53.4 
00150, 3.3  
00098, 53.4 
00151, 1.5  
00133, 2.8  
00121, 53.4 
00094, 53.3 
00128, 53.3 
00112, 6.0  
00124, 4.1  
00152, 12.4 
00113, 53.4 
00099, 1.8  
00125, 1.7  
00095, 53.4 
00114, 53.5 
00134, 4.7  
00129, 2.3  
00100, 53.3 
00096, 53.4 
00135, 53.4 
00101, 53.5 
00153, 4.9  
00122, 53.5 
00136, 53.4 
00137, 53.3 
00138, 53.5 
00097, 5.6  
00098, 2.7  
00126, 3.1  
00154, 4.8  
00130, 3.3  
00099, 53.4 
00127, 53.6 
00131, 53.4 
00132, 4.1  
00115, 53.5 
00139, 53.3 
00123, 53.3 
00133, 0.9  
00116, 8.1  
00155, 3.8  
00156, 53.3 
00140, 0.6  
00134, 53.3 
00117, 53.3 
00135, 2.9  
00136, 4.4  
00128, 53.4 
00141, 53.3 
00102, 53.5 
00142, 3.7  
00137, 53.4 
00129, 53.5 
00118, 4.1  
00130, 6.5  
00157, 3.8  
00143, 3.4  
00103, 53.3 
00104, 53.5 
00158, 53.4 
00124, 13.8 
00125, 2.3  
00126, 53.4 
00131, 53.6 
00100, 4.3  
00159, 53.4 
00160, 2.6  
00127, 53.3 
00105, 53.5 
00106, 2.6  
00128, 53.3 
00101, 53.3 
00138, 2.0  
00107, 53.3 
00108, 53.5 
00139, 53.4 
00144, 53.4 
00161, 2.8  
00102, 5.4  
00132, 53.4 
00145, 3.4  
00140, 4.8  
00146, 5.7  
00119, 3.3  
00147, 4.8  
00141, 0.7  
00103, 6.7  
00142, -0.0 
00148, 3.5  
00120, 1.9  
00162, 1.9  
00143, 0.3  
00133, 5.4  
00129, 4.8  
00134, -0.5 
00121, 3.9  
00144, 0.1  
00104, 3.3  
00122, 5.1  
00105, 6.8  
00106, 2.5  
00123, 53.3 
00130, 3.4  
00107, 2.6  
00135, 53.5 
00145, 4.5  
00131, 53.5 
00108, 53.2 
00109, 53.2 
00136, 53.3 
00149, 1.8  
00109, 5.4  
00146, 1.8  
00110, 53.5 
00110, 53.4 
00111, 53.4 
00124, 53.3 
00132, 53.5 
00163, 3.1  
00147, 5.6  
00112, 6.0  
00133, 53.5 
00150, 1.7  
00137, 53.4 
00111, 53.5 
00151, 53.4 
00164, 3.5  
00165, 3.0  
00113, 53.5 
00134, 6.0  
00152, 2.5  
00148, 53.5 
00135, 53.3 
00125, 53.5 
00166, 53.5 
00153, 53.4 
00112, 53.4 
00149, 53.3 
00150, 53.5 
00136, 4.6  
00138, 8.9  
00167, 53.5 
00126, 53.5 
00168, 2.3  
00137, 1.7  
00113, 53.5 
00154, 4.5  
00169, 2.0  
00170, 53.5 
00151, 4.2  
00152, 4.8  
00171, 1.1  
00172, 2.9  
00138, 6.2  
00155, 5.6  
00153, 3.7  
00139, 5.4  
00156, 53.4 
00154, 3.8  
00114, 1.7  
00157, 2.9  
00127, 53.5 
00140, 7.5  
00173, 2.0  
00141, 3.1  
00174, 3.3  
00175, 3.5  
00158, 4.9  
00139, 3.5  
00176, 53.3 
00159, 5.3  
00128, 2.3  
00001, 1.1  
00001, 53.6 
00002, 3.8  
00002, 53.5 
00001, 8.2  
00001, 6.4  
00001, 5.5  
00002, 53.5 
00003, 1.9  
00001, 5.3  
