00001, -8.2 
00001, -9.9 
00002, -12.6
00001, -6.7 
00001, -10.1
00001, -17.6
00001, -16.3
00001, -17.0
00001, -6.9 
00003, -7.9 
00002, -8.7 
00003, -9.4 
00002, -8.9 
00001, -16.3
00002, -14.3
00002, -8.0 
00002, -9.6 
00002, -7.0 
00003, -10.2
00001, -10.2
00001, -14.2
00003, -6.8 
00004, -9.2 
00002, -6.2 
00004, -4.2 
00003, -7.8 
00001, -10.4
00005, -7.0 
00002, -9.9 
00004, -8.7 
00003, -4.9 
00002, -7.6 
00005, -5.2 
00005, -10.4
00002, -8.1 
00004, -9.1 
00003, -9.2 
00006, -5.7 
00004, -6.3 
00006, -8.6 
00005, -7.6 
00006, -9.5 
00003, -7.9 
00007, -8.0 
00002, -8.0 
00003, -7.2 
00008, -8.2 
00007, -4.7 
00003, -5.9 
00007, -8.7 
00004, -4.7 
00004, -5.6 
00004, -7.3 
00008, -6.7 
00004, -6.7 
00005, -8.5 
00004, -8.7 
00009, -7.3 
00008, -8.5 
00005, -6.5 
00003, -8.3 
00009, -8.7 
00005, -9.0 
00006, -5.8 
00005, -6.3 
00006, -1.8 
00006, -2.8 
00003, -4.9 
00004, -1.9 
00004, -6.4 
00009, -4.6 
00006, -8.1 
00007, -6.5 
00010, -4.0 
00010, -6.2 
00007, -9.4 
00011, -6.8 
00010, -8.5 
00005, -6.1 
00005, -2.7 
00008, -6.7 
00007, -7.9 
00008, -2.5 
00009, -7.2 
00005, -6.0 
00012, -2.3 
00008, -6.4 
00011, -3.3 
00006, -2.9 
00006, -2.0 
00007, -5.8 
00013, -3.2 
00006, -5.9 
00009, -5.4 
00009, -4.7 
00010, -2.8 
00014, -3.3 
00011, -1.8 
00012, -6.8 
00010, -6.2 
00013, -5.2 
00006, -2.6 
00014, -0.7 
00015, -6.7 
00007, -6.1 
00015, -6.3 
00010, -4.5 
00016, -3.4 
00011, -3.1 
00012, -4.2 
00011, -3.2 
00012, -5.0 
00017, -2.8 
00008, -3.5 
00011, -3.5 
00016, -2.3 
00007, -5.1 
00013, -4.1 
00005, -4.6 
00018, -3.5 
00012, -6.8 
00008, -4.6 
00014, 1.3  
00012, -4.0 
00017, -1.8 
00007, 2.2  
00019, -5.1 
00008, -3.4 
00013, -3.2 
00013, -3.7 
00007, -6.0 
00008, -3.9 
00009, -5.4 
00018, -4.9 
00013, -2.3 
00006, -3.1 
00014, -2.6 
00009, -4.0 
00015, -5.6 
00014, -3.8 
00009, -7.9 
00014, -2.0 
00007, -0.3 
00015, -5.4 
00016, -4.8 
00019, -4.8 
00015, -3.4 
00009, -3.0 
00016, -3.4 
00020, -4.5 
00017, -3.3 
00021, -3.0 
00010, -4.4 
00015, -4.5 
00010, -6.7 
00011, -4.1 
00016, -3.9 
00012, -4.3 
00016, -3.2 
00017, -3.3 
00010, -5.0 
00008, -3.8 
00008, -5.9 
00009, -4.4 
00011, 0.2  
00010, -2.9 
00011, -5.0 
00010, -1.0 
00017, -4.4 
00018, -5.6 
00012, -3.1 
00019, -2.9 
00017, 1.3  
00020, -5.1 
00009, 1.9  
00018, -3.2 
00011, -3.1 
00012, -1.5 
00013, -3.4 
00014, -4.0 
00019, -1.5 
00021, -3.3 
00018, -5.7 
00012, -1.6 
00020, -0.6 
00013, -3.0 
00019, -3.3 
00022, -0.9 
00023, -4.4 
00020, -2.2 
00022, -3.1 
00013, -3.2 
00014, -2.9 
00014, -1.7 
00024, -0.3 
00023, -2.7 
00015, 0.5  
00011, -2.2 
00021, -2.0 
00015, -2.3 
00021, -4.7 
00018, -2.9 
00020, -3.4 
00012, -2.9 
00024, -0.7 
00019, 1.0  
00016, 1.8  
00022, 0.6  
00025, -2.7 
00016, -3.5 
00017, -1.0 
00010, 0.0  
00022, -0.7 
00026, -2.1 
00013, -0.6 
00027, -3.7 
00023, -1.3 
00020, 0.3  
00014, -2.0 
00023, -0.7 
00028, -3.5 
00013, -2.3 
00024, -2.2 
00025, -0.3 
00018, -1.5 
00015, -0.5 
00021, -3.4 
00017, -1.0 
00021, -1.0 
00011, -0.5 
00025, -1.6 
00012, -0.8 
00026, -1.3 
00016, -2.6 
00014, -1.3 
00022, 0.9  
00026, -3.0 
00023, -1.4 
00015, -0.2 
00027, -1.5 
00028, 0.5  
00015, -1.2 
00013, -1.1 
00018, 0.1  
00019, -2.3 
00024, -4.5 
00016, -2.0 
00014, 1.6  
00019, -1.9 
00017, -1.7 
00024, -0.5 
00022, -0.0 
00018, 1.5  
00020, -0.7 
00027, -0.2 
00021, -3.4 
00015, -2.0 
00016, -2.3 
00029, -1.4 
00025, -1.8 
00017, -1.8 
00028, -1.7 
00025, 0.0  
00022, -1.2 
00017, -4.5 
00023, -1.2 
00026, -2.8 
00018, -0.4 
00024, -1.5 
00018, -2.5 
00019, -2.0 
00027, 1.2  
00023, -2.0 
00020, -1.3 
00025, 0.1  
00028, -3.0 
00021, -5.6 
00016, -2.1 
00026, -1.7 
00029, 1.3  
00022, -1.2 
00023, -2.4 
00019, -2.9 
00026, -2.0 
00020, -1.2 
00030, 0.1  
00020, -4.1 
00030, 1.7  
00027, -1.8 
00021, -1.5 
00031, -1.7 
00029, -2.6 
00024, -1.4 
00019, -0.4 
00021, -1.5 
00032, -0.8 
00027, -0.1 
00017, -2.2 
00022, -0.2 
00022, -1.4 
00028, -1.0 
00020, 0.9  
00031, 1.0  
00029, -0.5 
00030, -0.2 
00023, -1.7 
00018, -4.1 
00019, -0.6 
00024, 0.2  
00032, -4.8 
00031, 1.5  
00021, 0.5  
00025, 0.2  
00024, -0.1 
00028, -0.7 
00022, 0.4  
00029, -1.5 
00025, 0.3  
00029, -0.0 
00033, -2.8 
00023, -1.5 
00033, 2.2  
00023, -1.6 
00034, -0.1 
00026, -0.6 
00034, -2.5 
00027, -2.4 
00030, -0.6 
00030, -0.8 
00028, -2.1 
00026, -0.8 
00024, 0.5  
00024, -1.4 
00031, 1.4  
00030, 0.0  
00032, -1.6 
00025, 1.3  
00025, 1.4  
00025, 1.0  
00026, 1.9  
00035, 1.0  
00027, -3.4 
00026, -2.2 
00020, -2.7 
00031, 0.1  
00027, 1.8  
00033, -1.5 
00026, 0.0  
00028, 0.7  
00021, -0.8 
00035, -2.6 
00036, 0.5  
00037, 0.3  
00034, 0.5  
00031, -3.1 
00036, -2.5 
00035, -2.1 
00029, 1.2  
00028, -1.6 
00032, -1.9 
00029, 0.9  
00036, -1.0 
00038, -1.5 
00037, 1.1  
00027, 0.7  
00039, -0.6 
00040, -2.6 
00041, -1.4 
00042, -2.2 
00028, -0.4 
00037, -2.1 
00027, -2.7 
00030, 0.4  
00030, -1.8 
00043, -1.3 
00029, -0.8 
00044, -2.4 
00032, -0.8 
00031, -2.5 
00038, -2.0 
00039, -1.6 
00031, -0.4 
00029, -0.0 
00040, -1.6 
00030, -3.6 
00041, -2.0 
00045, -2.0 
00028, 1.2  
00032, -1.6 
00030, 1.8  
00029, 3.0  
00032, 2.6  
00032, 0.7  
00022, -4.2 
00033, -0.3 
00033, -1.0 
00034, -0.5 
00038, 1.4  
00046, -1.8 
00039, -2.0 
00034, 1.5  
00047, -3.0 
00042, 0.4  
00048, -0.2 
00049, -0.1 
00031, -0.0 
00023, -3.4 
00043, 2.6  
00033, -0.3 
00024, -0.3 
00033, 0.2  
00034, -1.8 
00032, 3.4  
00031, -0.4 
00040, 0.9  
00032, -1.0 
00033, 1.3  
00035, 0.5  
00036, -0.6 
00037, -0.2 
00033, -4.0 
00044, 1.3  
00034, -0.4 
00034, -1.4 
00030, -0.0 
00035, -0.5 
00025, 1.2  
00036, -1.1 
00033, 0.5  
00035, -3.1 
00037, -0.2 
00034, 0.4  
00035, 1.6  
00035, -0.6 
00045, 0.5  
00026, -6.2 
00036, -0.6 
00050, -1.1 
00038, 1.0  
00036, 0.2  
00038, -1.9 
00035, 1.1  
00034, 0.1  
00037, 1.5  
00046, -2.4 
00051, -0.6 
00037, -0.2 
00035, -0.1 
00041, 2.8  
00052, -2.1 
00039, 4.8  
00039, -2.3 
00047, -0.9 
00036, 2.6  
00038, -0.8 
00039, -0.5 
00036, -0.6 
00040, 0.4  
00031, -0.3 
00053, 0.2  
00048, -2.0 
00054, -1.4 
00027, 0.3  
00032, -1.5 
00049, -0.9 
00041, 0.4  
00036, -0.3 
00033, -2.6 
00055, -2.7 
00034, -1.7 
00037, -0.9 
00037, 1.1  
00037, -0.7 
00028, 0.4  
00038, -2.1 
00029, -1.3 
00050, 0.6  
00056, 1.3  
00040, -2.4 
00038, -2.4 
00039, -0.2 
00051, -4.2 
00035, -4.4 
00040, 0.4  
00052, -0.3 
00036, -0.6 
00039, 0.3  
00038, 0.3  
00040, -2.5 
00040, -0.6 
00037, -2.7 
00042, 0.1  
00038, 0.1  
00042, 2.0  
00041, -1.0 
00041, -3.0 
00039, -2.4 
00039, -3.0 
00053, -0.3 
00042, -0.6 
00030, -1.9 
00040, -0.6 
00038, -2.3 
00031, 0.5  
00041, -2.1 
00039, -0.3 
00041, 2.4  
00032, -1.7 
00041, -3.0 
00054, -2.0 
00033, 0.3  
00055, -3.4 
00042, -3.1 
00043, -0.4 
00043, -0.6 
00042, -0.5 
00043, -1.1 
00040, -0.2 
00044, -1.0 
00044, 1.2  
00043, -0.8 
00045, -0.9 
00056, -1.0 
00057, 0.6  
00044, -1.7 
00042, 0.4  
00046, -0.9 
00058, -0.1 
00044, -1.6 
00040, -2.0 
00043, -1.7 
00047, 2.0  
00043, -1.1 
00045, 2.4  
00045, -1.0 
00042, -1.1 
00045, 0.6  
00057, 0.9  
00041, -0.1 
00046, 0.0  
00041, -2.1 
00042, -2.6 
00048, -3.8 
00043, 2.4  
00058, 2.1  
00046, 0.4  
00044, -0.7 
00034, 1.9  
00046, -0.7 
00044, -0.9 
00049, 1.3  
00045, -1.4 
00059, -1.6 
00047, 1.1  
00048, 0.4  
00047, -0.9 
00060, 1.1  
00047, 0.0  
00035, -5.2 
00036, 0.1  
00044, 0.5  
00050, 0.8  
00045, 0.8  
00046, -0.1 
00059, 0.1  
00051, -0.7 
00037, -2.2 
00049, 0.6  
00046, 0.4  
00047, -0.7 
00047, -1.3 
00048, -2.1 
00045, -2.3 
00049, 1.6  
00060, 1.5  
00048, -0.8 
00048, -0.5 
00042, 0.9  
00050, -0.1 
00051, -0.9 
00043, 3.5  
00049, -0.8 
00052, 2.8  
00061, -1.4 
00046, -0.3 
00052, -0.4 
00061, 0.0  
00062, -0.9 
00038, -0.7 
00050, -0.8 
00053, -2.5 
00063, 1.0  
00049, 0.2  
00064, -2.6 
00065, -0.4 
00043, -1.8 
00039, -1.3 
00051, -1.8 
00052, -0.4 
00040, 0.8  
00050, -3.2 
00041, -3.2 
00044, -3.4 
00053, -0.8 
00053, 0.8  
00051, -0.8 
00047, -1.2 
00062, 1.1  
00042, -2.2 
00043, -1.5 
00052, 0.3  
00048, -1.6 
00054, 0.9  
00048, -0.1 
00054, -1.8 
00050, 0.6  
00063, -3.1 
00066, -0.4 
00067, -2.3 
00055, -2.1 
00064, -3.3 
00049, -0.4 
00044, -2.1 
00054, -1.6 
00053, 0.0  
00051, -0.7 
00065, -1.5 
00049, -0.2 
00055, 2.0  
00052, -3.0 
00068, 0.1  
00055, -0.1 
00056, -0.8 
00056, 0.2  
00057, -0.9 
00053, 0.9  
00050, 1.5  
00054, 1.0  
00057, 0.5  
00058, -1.1 
00054, -1.1 
00069, -0.6 
00055, -1.7 
00066, -1.8 
00045, 0.3  
00059, 0.2  
00070, 1.0  
00067, -0.6 
00056, 0.1  
00044, -1.1 
00057, 1.0  
00060, 0.9  
00071, -0.7 
00058, 0.3  
00061, 0.9  
00056, -2.8 
00055, -2.0 
00058, 0.3  
00072, 1.4  
00046, 1.7  
00050, -0.8 
00068, -1.5 
00069, 0.2  
00059, 0.7  
00056, 1.0  
00059, -1.0 
00060, -0.8 
00070, -0.4 
00047, -0.7 
00051, -0.6 
00051, -1.0 
00045, -1.5 
00052, -1.0 
00073, -1.6 
00060, 1.3  
00046, -3.3 
00074, 1.0  
00048, -1.1 
00075, -0.4 
00057, 1.4  
00061, 1.1  
00058, 2.1  
00047, 0.4  
00076, -2.5 
00061, 0.4  
00057, -3.0 
00053, -2.0 
00049, -1.3 
00059, -0.3 
00077, 1.1  
00052, -0.6 
00078, -0.2 
00062, 1.2  
00062, -1.0 
00062, -0.4 
00063, -1.4 
00079, -2.5 
00060, 1.1  
00063, -0.4 
00053, -1.1 
00050, -1.7 
00045, -1.0 
00064, 0.9  
00065, 0.9  
00064, -1.4 
00048, -2.1 
00061, -1.0 
00065, -0.8 
00058, -1.6 
00066, -1.5 
00071, -3.2 
00063, -0.9 
00080, 1.4  
00081, -0.7 
00062, 0.8  
00066, 0.1  
00054, 0.3  
00055, 0.3  
00059, 1.8  
00063, -1.4 
00067, -0.6 
00064, 0.1  
00067, 1.0  
00082, -1.4 
00068, -2.5 
00069, 0.5  
00060, -0.6 
00056, -1.2 
00070, 0.4  
00065, -1.3 
00071, 2.1  
00057, -0.9 
00072, 0.0  
00054, 0.7  
00073, 3.4  
00051, 1.9  
00083, -2.4 
00064, -0.0 
00061, -0.1 
00058, 0.2  
00072, 1.3  
00049, -0.6 
00059, -1.2 
00084, 1.1  
00060, 0.1  
00073, -1.3 
00066, -1.1 
00074, -2.5 
00065, -0.8 
00085, -0.4 
00055, -0.4 
00066, 0.1  
00062, 3.7  
00056, -1.5 
00074, -0.7 
00063, 1.7  
00075, -0.2 
00067, 1.0  
00068, -1.2 
00075, -0.3 
00076, -0.8 
00068, 0.4  
00076, 1.8  
00069, -0.9 
00086, -0.2 
00070, -0.3 
00052, -0.3 
00077, -2.6 
00053, 4.1  
00064, -0.0 
00078, -1.0 
00071, -0.6 
00054, 2.6  
00077, 1.3  
00072, -1.1 
00078, -0.5 
00046, -1.1 
00050, 3.1  
00073, -0.4 
00087, 1.1  
00079, -0.5 
00088, 0.7  
00089, 1.7  
00057, 1.0  
00079, -1.1 
00051, -0.2 
00090, 0.7  
00091, -0.1 
00047, 0.9  
00092, 0.9  
00065, -0.0 
00074, 0.0  
00069, 0.6  
00066, -0.7 
00080, -0.7 
00067, -1.9 
00067, 0.6  
00081, -0.7 
00061, -0.4 
00082, 0.1  
00070, 1.8  
00080, -1.5 
00068, -0.8 
00052, -2.1 
00075, 0.2  
00083, -2.1 
00058, 2.1  
00093, 2.4  
00076, 1.9  
00084, 0.4  
00085, 1.2  
00071, -0.0 
00068, -2.1 
00069, 0.3  
00086, 0.4  
00081, 0.1  
00087, 2.1  
00072, 1.9  
00053, -0.2 
00069, 2.5  
00070, 0.3  
00070, 0.2  
00048, 0.3  
00071, -0.8 
00077, -0.7 
00073, 0.1  
00054, -1.0 
00082, -0.8 
00083, -0.5 
00094, 0.4  
00084, -0.8 
00055, -2.9 
00059, 1.7  
00056, 0.2  
00057, -2.3 
00095, 1.2  
00096, 0.6  
00085, -0.1 
00088, 0.9  
00097, 0.7  
00072, -0.4 
00078, -0.6 
00098, 0.5  
00089, 1.8  
00060, 0.7  
00071, 2.6  
00074, 0.2  
00058, -0.6 
00079, -0.8 
00075, 0.2  
00099, 0.5  
00090, -1.3 
00073, 0.9  
00086, -0.5 
00076, -0.8 
00091, 0.4  
00061, -1.2 
00059, -2.3 
00092, -1.1 
00087, 1.4  
00055, -1.1 
00056, -1.2 
00074, 2.2  
00088, -2.2 
00072, -1.0 
00100, 0.0  
00089, 0.3  
00057, -1.9 
00093, -0.5 
00077, -0.7 
00062, 0.2  
00094, -0.7 
00101, 2.6  
00063, 0.3  
00058, -2.7 
00075, -2.0 
00080, -2.1 
00073, -0.3 
00102, -0.1 
00095, 0.8  
00074, 0.0  
00103, 0.9  
00064, 0.5  
00062, 0.7  
00096, 1.0  
00059, -1.7 
00097, -0.2 
00063, -0.4 
00078, 0.5  
00090, -0.4 
00081, -0.4 
00098, -0.1 
00079, -1.7 
00080, -1.2 
00065, 0.3  
00064, -0.2 
00075, -1.4 
00060, -1.5 
00104, 0.1  
00082, 0.4  
00066, -0.1 
00060, 2.6  
00099, 2.8  
00067, 0.7  
00105, 0.4  
00106, 1.4  
00091, 3.3  
00061, -1.0 
00076, 1.1  
00107, 2.1  
00068, 1.8  
00092, 0.9  
00093, 0.7  
00069, 0.4  
00076, 1.6  
00077, 0.6  
00062, 0.0  
00100, -0.6 
00083, -1.2 
00101, 0.1  
00084, 0.4  
00078, -0.4 
00108, -0.9 
00081, 0.7  
00070, -0.9 
00065, -1.4 
00085, 1.8  
00094, 1.3  
00086, -0.1 
00066, 1.5  
00077, 0.9  
00102, 1.3  
00061, 0.0  
00049, 1.1  
00082, 0.3  
00083, -0.1 
00095, 1.1  
00050, 0.8  
00084, 0.5  
00109, -2.0 
00051, 2.2  
00110, 3.4  
00078, 1.9  
00111, -1.1 
00052, -1.0 
00071, 1.2  
00063, 1.7  
00067, -2.1 
00103, 2.1  
00068, 0.9  
00072, 1.2  
00079, 1.2  
00062, -1.5 
00104, -0.3 
00085, 0.9  
00069, 0.1  
00112, -3.1 
00064, -2.0 
00065, -0.7 
00079, 1.3  
00096, 0.6  
00080, -0.3 
00086, -0.6 
00087, 0.9  
00113, 0.2  
00053, 1.0  
00081, -0.5 
00080, -0.5 
00081, 0.6  
00087, 0.5  
00063, 1.8  
00114, -1.9 
00082, -0.6 
00088, -2.2 
00105, -0.1 
00066, -1.3 
00082, -0.4 
00067, -0.5 
00073, 0.1  
00083, 0.5  
00088, -0.4 
00097, 1.1  
00089, -0.1 
00068, -0.1 
00074, -1.5 
00090, 1.1  
00069, -0.8 
00070, 0.4  
00098, 0.2  
00106, -1.1 
00115, -0.4 
00091, -1.0 
00099, -1.5 
00107, 0.4  
00070, -1.5 
00089, -0.0 
00108, 0.3  
00075, 3.1  
00084, 2.5  
00085, -0.1 
00109, 0.3  
00071, 0.4  
00092, 0.6  
00071, -0.8 
00083, -0.5 
00116, -0.1 
00110, 1.0  
00093, -1.5 
00111, 0.0  
00072, 1.0  
00073, 0.1  
00074, 1.5  
00090, 0.5  
00112, -1.1 
00075, -0.8 
00113, 1.0  
00114, -0.1 
00054, -0.9 
00084, 1.1  
00094, 0.8  
00091, 0.4  
00092, 0.2  
00115, 2.4  
00076, -1.8 
00076, -0.3 
00116, -0.7 
00085, 0.0  
00095, -0.1 
00093, 0.1  
00100, 1.9  
00086, 2.1  
00055, 2.3  
00087, 2.5  
00072, 2.3  
00096, -1.3 
00077, 0.4  
00077, 2.0  
00097, -0.3 
00078, 0.9  
00098, 0.7  
00073, -1.7 
00078, 0.1  
00117, -0.3 
00099, 1.2  
00100, 1.8  
00117, 0.6  
00074, 0.3  
00118, 0.7  
00088, 0.2  
00086, 1.0  
00119, 1.5  
00118, 0.4  
00094, 0.4  
00089, -1.7 
00101, -1.0 
00120, 0.1  
00095, 0.7  
00090, -0.1 
00075, 2.0  
00102, -0.0 
00101, 3.8  
00079, -0.9 
00087, 1.0  
00119, 0.6  
00121, 0.0  
00076, 0.5  
00080, 0.4  
00120, 0.2  
00121, -1.3 
00079, 1.2  
00122, -0.1 
00123, -0.8 
00124, 1.1  
00125, -1.1 
00096, 0.6  
00077, 0.1  
00103, 1.3  
00097, -0.3 
00081, -1.5 
00122, 0.5  
00098, 1.0  
00088, 1.1  
00089, -0.2 
00099, -1.0 
00091, 2.2  
00104, 2.3  
00082, 0.8  
00083, -1.0 
00090, 0.8  
00126, -0.7 
00084, 0.4  
00127, 0.7  
00085, -0.2 
00100, 2.9  
00101, 0.3  
00102, -0.4 
00105, 0.7  
00091, -0.6 
00103, 0.9  
00080, 0.4  
00092, 0.3  
00106, 1.0  
00128, 0.3  
00086, 0.1  
00123, 1.7  
00102, 0.3  
00124, -0.6 
00081, -0.2 
00125, 1.6  
00103, 1.2  
00129, 0.5  
00087, -0.9 
00092, -0.7 
00126, -1.9 
00130, 1.1  
00127, 0.8  
00131, 1.0  
00093, 0.2  
00093, 2.1  
00128, -0.0 
00088, -0.7 
00094, -0.1 
00107, 1.4  
00078, -0.2 
00095, 0.5  
00132, -0.9 
00133, 1.0  
00134, 0.9  
00104, 1.2  
00079, -0.4 
00129, 0.9  
00096, 1.1  
00089, 0.5  
00082, -0.4 
00105, 2.2  
00130, 1.2  
00104, -0.3 
00083, 2.5  
00108, 0.8  
00094, 0.1  
00084, 0.4  
00135, -0.0 
00080, -2.1 
00106, 1.0  
00097, -0.2 
00098, -0.1 
00081, 2.7  
00099, 0.7  
00107, -0.7 
00100, -0.5 
00095, -1.1 
00090, 0.8  
00096, -0.4 
00105, -0.4 
00091, 0.4  
00085, -0.7 
00131, -0.9 
00097, -0.4 
00109, 0.6  
00086, -0.5 
00136, -0.9 
00106, -0.4 
00110, -0.3 
00137, 1.0  
00111, -1.1 
00112, 0.0  
00132, 1.1  
00138, -0.7 
00092, 0.0  
00139, 0.1  
00113, 0.1  
00087, 0.3  
00082, -1.1 
00108, 0.4  
00056, -0.2 
00133, -0.2 
00134, -0.4 
00101, -1.1 
00083, -0.4 
00098, 1.1  
00114, 1.4  
00109, -0.1 
00102, 0.4  
00110, 0.4  
00111, 2.4  
00107, 1.0  
00115, 0.3  
00140, -0.3 
00141, 1.0  
00084, 0.7  
00135, -0.6 
00108, 0.7  
00142, 0.2  
00093, 0.4  
00103, 1.5  
00094, -0.4 
00099, 1.4  
00085, 1.2  
00116, 0.5  
00112, -1.1 
00100, 0.4  
00104, 1.0  
00088, -0.0 
00113, -0.2 
00095, -0.3 
00096, 3.1  
00086, 2.8  
00117, -1.1 
00143, -0.5 
00118, 0.7  
00105, -0.1 
00119, 0.6  
00114, 1.8  
00120, -0.1 
00115, 0.8  
00089, -2.1 
00106, -1.1 
00090, 0.7  
00116, 0.7  
00109, -0.3 
00121, 0.1  
00091, -1.0 
00136, -2.2 
00107, 1.0  
00101, -0.8 
00097, -0.5 
00098, -1.1 
00122, 0.2  
00137, 0.3  
00123, 1.2  
00144, -0.6 
00108, 0.5  
00099, -0.0 
00087, -0.5 
00102, 1.0  
00092, 1.6  
00109, 0.0  
00100, 0.1  
00088, 0.6  
00110, 0.5  
00124, -0.3 
00111, 0.1  
00138, -0.4 
00093, -0.3 
00103, -0.6 
00117, -0.2 
00101, -0.1 
00139, 0.2  
00102, 0.4  
00089, -0.4 
00103, -2.0 
00118, 1.4  
00090, -1.3 
00125, 0.3  
00126, 0.7  
00104, -0.9 
00091, 1.5  
00145, 1.1  
00064, 0.6  
00104, -0.1 
00110, -0.4 
00146, 0.2  
00147, -0.3 
00112, -2.2 
00105, 0.4  
00140, 1.1  
00105, 0.3  
00106, 2.1  
00092, 0.6  
00111, -1.5 
00094, 0.4  
00148, 0.5  
00127, 0.7  
00128, 0.0  
00107, -0.7 
00119, -0.4 
00149, 1.3  
00112, 0.6  
00150, 0.7  
00095, 0.9  
00108, -1.4 
00113, -1.0 
00065, -0.2 
00120, 0.2  
00109, -0.2 
00113, 2.1  
00093, -0.6 
00096, 1.2  
00129, -1.8 
00114, 0.0  
00121, 1.1  
00094, 2.0  
00122, 0.2  
00097, 0.2  
00141, -0.2 
00115, 0.0  
00110, -0.4 
00106, 0.2  
00095, 1.4  
00096, -0.7 
00066, -0.1 
00130, -0.1 
00142, 0.2  
00111, 0.8  
00107, -0.2 
00112, 2.3  
00151, 0.3  
00108, 0.1  
00123, 0.6  
00131, -0.2 
00152, -0.0 
00097, 0.4  
00098, 0.0  
00132, 1.0  
00099, 1.4  
00114, 0.2  
00143, 0.4  
00153, 2.3  
00109, 1.5  
00113, 1.2  
00110, -0.2 
00124, 0.5  
00115, 0.3  
00111, 1.9  
00154, -0.4 
00155, -0.3 
00144, 2.1  
00098, 1.6  
00156, 1.1  
00100, 0.9  
00116, 0.8  
00133, -0.1 
00116, 1.4  
00157, 0.0  
00099, -0.2 
00112, 1.8  
00100, -1.1 
00158, 0.9  
00101, -1.6 
00159, 0.4  
00067, 2.0  
00113, 0.7  
00117, 0.4  
00134, 1.9  
00160, 0.6  
00114, 1.3  
00101, 1.5  
00117, 0.3  
00118, 0.8  
00115, 2.4  
00135, 0.4  
00116, 0.6  
00102, 1.9  
00102, 1.4  
00117, 0.2  
00161, -0.0 
00162, 0.3  
00125, -1.1 
00103, 0.9  
00118, -1.0 
00145, 0.4  
00114, 1.6  
00119, 0.6  
00103, 1.2  
00119, 0.2  
00163, -1.3 
00164, 0.1  
00104, -0.5 
00146, 0.1  
00147, 0.2  
00115, -0.9 
00118, 2.0  
00057, 0.3  
00120, 1.6  
00136, 1.7  
00120, 1.0  
00116, -0.3 
00119, 1.1  
00148, 0.3  
00165, -1.0 
00121, 0.1  
00120, 1.8  
00137, 1.0  
00126, 0.1  
00121, -0.1 
00105, -0.7 
00106, 1.5  
00149, -1.3 
00150, 0.1  
00138, 0.6  
00151, 0.9  
00127, 1.4  
00107, 1.2  
00166, -0.2 
00139, -0.4 
00167, 0.0  
00122, 0.4  
00117, -0.9 
00168, 1.0  
00169, -0.0 
00123, 0.9  
00118, 1.2  
00068, 1.1  
00152, -0.9 
00108, 1.2  
00140, 0.0  
00104, 2.1  
00109, -0.9 
00121, -0.7 
00124, 0.4  
00170, -0.8 
00122, -0.4 
00141, 0.7  
00128, 0.1  
00142, -0.1 
00143, -1.2 
00144, 0.4  
00171, 0.1  
00119, 1.1  
00120, 0.0  
00123, 0.4  
00124, 0.1  
00121, -0.1 
00129, -0.7 
00145, -2.2 
00125, 0.9  
00146, -0.4 
00153, -0.3 
00110, 0.3  
00105, 1.4  
00111, 0.3  
00154, -0.4 
00130, 0.8  
00147, 1.0  
00148, 1.2  
00172, -1.6 
00155, 0.2  
00149, 0.9  
00173, 0.5  
00112, 1.2  
00156, -1.3 
00150, -0.3 
00113, 3.0  
00151, 1.5  
00131, 0.9  
00125, 1.2  
00122, -0.5 
00174, 2.3  
00132, -0.3 
00058, 0.4  
00152, -0.7 
00153, 0.2  
00114, 0.6  
00175, -0.9 
00133, 1.5  
00157, -0.2 
00134, 1.6  
00106, 1.6  
00158, 0.7  
00154, 0.3  
00122, 0.2  
00123, -0.9 
00176, -0.1 
00155, -1.0 
00156, 0.6  
00135, 0.7  
00126, 2.5  
00124, 1.5  
00115, 0.6  
00177, 0.4  
00125, 0.3  
00157, 0.8  
00123, 1.0  
00178, 1.8  
00179, 0.1  
00116, 0.3  
00180, 1.3  
00158, 2.1  
00117, 0.9  
00118, -1.0 
00159, 2.6  
00107, -1.3 
00159, 1.8  
00126, 0.5  
00181, 1.4  
00127, 1.1  
00124, -0.2 
00126, 0.1  
00108, -0.5 
00182, 1.4  
00160, -0.2 
00119, 0.4  
00136, 1.1  
00127, 1.1  
00120, -0.3 
00160, 0.2  
00183, 0.8  
00161, -0.6 
00161, -0.2 
00137, 1.4  
00162, 0.3  
00163, 1.0  
00128, -0.6 
00121, 0.0  
00164, -0.5 
00127, 0.0  
00109, -0.2 
00122, 0.9  
00165, 1.2  
00184, 0.1  
00162, -0.8 
00185, -0.2 
00186, 0.6  
00166, 0.9  
00069, 1.3  
00167, 0.1  
00163, 0.2  
00129, -0.2 
00138, 0.3  
00187, 0.2  
00128, 1.0  
00125, 0.5  
00129, -1.3 
00168, -0.1 
00126, -0.4 
00127, 0.3  
00188, 2.3  
00189, -0.1 
00110, 0.1  
00169, 0.0  
00128, 2.1  
00190, 1.9  
00123, -0.4 
00191, 0.9  
00192, 0.3  
00111, -0.7 
00129, 0.9  
00139, 0.6  
00128, 1.8  
00112, 1.5  
00124, -0.2 
00140, 1.5  
00059, -1.0 
00129, 1.0  
00164, 1.2  
00170, 0.7  
00113, -0.3 
00114, 0.6  
00193, 0.6  
00171, -0.2 
00125, -1.7 
00130, 0.4  
00141, -0.5 
00126, 0.4  
00194, 1.1  
00195, 0.5  
00172, 1.3  
00196, -0.5 
00130, -0.0 
00115, 1.4  
00131, 1.0  
00130, 1.3  
00116, 0.9  
00127, 1.7  
00197, 1.4  
00131, 1.0  
00198, 1.4  
00173, -0.4 
00131, 1.3  
00199, 0.6  
00132, 1.3  
00200, -0.1 
00132, -0.2 
00174, 1.0  
00132, -0.2 
00117, -0.5 
00128, -0.4 
00129, -1.3 
00142, 0.7  
00133, 0.3  
00175, 0.8  
00130, -0.3 
00176, 0.7  
00131, 1.2  
00165, 0.3  
00177, -0.1 
00166, 0.6  
00130, 0.7  
00201, 0.1  
00167, 0.4  
00132, 0.1  
00143, 0.5  
00202, 1.1  
00178, 1.6  
00133, 0.3  
00203, 0.7  
00118, -0.0 
00144, -0.3 
00145, 0.1  
00133, 0.9  
00134, -0.2 
00179, -0.1 
00134, -0.6 
00135, 1.7  
00133, 0.6  
00136, -0.0 
00168, -0.9 
00131, -0.5 
00204, 2.5  
00135, 1.6  
00169, -0.1 
00205, 1.5  
00146, 0.6  
00180, -0.2 
00170, -0.5 
00137, -0.2 
00206, 1.0  
00171, 0.7  
00207, 1.1  
00172, 0.6  
00134, -0.7 
00208, 1.3  
00209, -0.0 
00136, 0.8  
00137, -0.4 
00173, 1.7  
00210, 1.2  
00134, 0.9  
00138, -0.9 
00181, 0.5  
00135, 1.0  
00119, 0.3  
00139, 0.6  
00132, -0.7 
00182, 0.6  
00211, -0.0 
00212, 0.5  
00136, 2.1  
00135, 0.6  
00183, -1.0 
00184, 0.1  
00120, 1.7  
00136, 0.2  
00137, 0.9  
00138, -0.0 
00213, -0.8 
00140, -0.3 
00138, 0.7  
00133, 0.9  
00147, 1.0  
00139, -0.0 
00148, 0.7  
00139, 0.3  
00140, -1.5 
00214, 2.3  
00215, 0.2  
00134, 0.1  
00185, -0.6 
00121, -0.3 
00216, -0.2 
00122, 1.4  
00149, 0.1  
00186, -0.4 
00174, 0.0  
00187, 0.6  
00135, -1.5 
00217, 1.8  
00218, 1.6  
00141, 0.8  
00150, 1.8  
00142, 0.1  
00219, -0.2 
00220, 0.8  
00151, 1.4  
00221, 0.5  
00137, 0.4  
00141, 0.3  
00140, -0.2 
00222, 0.9  
00060, 0.0  
00223, 1.4  
00188, 0.4  
00152, -0.7 
00153, 1.3  
00189, -1.3 
00224, -1.5 
00190, 0.5  
00141, 0.4  
00175, -0.4 
00176, -1.4 
00191, 1.1  
00177, 1.1  
00136, 0.0  
00070, -1.1 
00123, 1.5  
00178, -0.1 
00142, 0.9  
00143, 1.2  
00179, -0.5 
00225, -0.3 
00124, 0.2  
00180, -0.6 
00143, 1.4  
00137, -0.0 
00192, -0.1 
00154, 0.8  
00181, -0.6 
00182, -0.7 
00144, -1.3 
00138, 0.8  
00183, -0.3 
00226, 1.2  
00184, 0.8  
00125, -0.3 
00193, 0.3  
00139, 1.0  
00185, -0.9 
00194, -2.2 
00142, 1.4  
00145, 1.1  
00186, -0.7 
00138, -0.5 
00227, 0.1  
00144, 1.1  
00126, 0.4  
00146, -0.7 
00228, 0.1  
00195, -0.1 
00155, -0.5 
00229, -1.5 
00230, -0.5 
00127, 1.7  
00156, 0.9  
00128, 0.0  
00187, 0.2  
00188, -0.6 
00143, 1.1  
00139, 0.9  
00145, 2.6  
00071, 1.2  
00196, 0.7  
00157, 0.2  
00231, -1.0 
00140, 1.2  
00140, 0.6  
00232, 0.5  
00144, -0.0 
00146, -0.0 
00189, -0.0 
00061, 0.4  
00197, 0.8  
00062, 0.2  
00147, 0.3  
00233, 1.2  
00147, 0.2  
00141, 1.2  
00142, -0.3 
00158, -1.3 
00145, 0.7  
00129, 0.4  
00234, -0.2 
00235, -0.6 
00159, 0.9  
00148, -0.6 
00143, 0.5  
00146, 0.3  
00160, 0.8  
00147, 0.0  
00149, -0.8 
00161, 1.5  
00236, 0.1  
00148, -1.2 
00150, 1.4  
00072, 0.6  
00162, 0.4  
00151, 0.8  
00130, 0.3  
00163, 2.1  
00190, 0.7  
00191, -0.3 
00148, -0.3 
00164, 0.4  
00152, 0.7  
00149, -0.4 
00237, -0.9 
00192, 0.1  
00198, 0.8  
00165, 1.1  
00150, -0.1 
00144, 2.0  
00199, 0.3  
00238, 0.5  
00149, 1.3  
00153, 0.7  
00193, 1.3  
00200, 2.0  
00131, 0.1  
00132, 1.0  
00151, 0.6  
00133, 1.1  
00154, -0.6 
00152, 1.7  
00141, 1.3  
00239, -1.3 
00150, 0.4  
00155, 0.4  
00240, 0.0  
00201, 0.9  
00153, 0.4  
00241, 1.4  
00166, 0.3  
00156, 0.3  
00157, -0.2 
00167, 0.6  
00242, 1.1  
00168, 0.9  
00243, 0.5  
00134, -0.6 
00158, 0.2  
00142, -0.7 
00244, 0.4  
00154, 0.8  
00169, 0.3  
00143, 1.2  
00155, -0.3 
00159, -0.1 
00202, -0.9 
00160, -0.4 
00156, 0.7  
00144, 1.3  
00161, 1.5  
00135, 0.1  
00157, 0.1  
00194, 0.4  
00136, -1.3 
00063, -1.3 
00158, -0.8 
00195, -0.3 
00203, 0.9  
00245, 1.2  
00145, 0.2  
00204, 0.3  
00205, 0.6  
00196, -0.2 
00170, -1.3 
00197, 1.2  
00064, 0.8  
00159, 0.7  
00146, 0.9  
00162, -1.1 
00171, 1.5  
00151, 1.4  
00206, -0.7 
00246, 1.5  
00145, 0.3  
00207, 0.0  
00172, 0.8  
00147, 0.2  
00152, 1.2  
00137, 0.5  
00163, -0.2 
00173, -1.5 
00148, -0.7 
00164, 2.1  
00208, 0.9  
00209, -0.2 
00153, 0.7  
00247, 0.0  
00248, 0.5  
00210, -0.1 
00249, -0.7 
00165, 1.9  
00174, 0.1  
00138, 1.0  
00198, -0.9 
00175, 1.2  
00176, -1.3 
00065, 0.8  
00177, 0.9  
00139, -0.0 
00199, -0.2 
00211, -1.1 
00154, 0.8  
00160, 0.7  
00166, -1.7 
00167, 1.1  
00149, 0.9  
00250, 1.0  
00251, 1.2  
00155, 0.1  
00200, -0.4 
00168, -1.5 
00140, -0.5 
00201, 0.2  
00141, 0.0  
00150, -0.6 
00178, 1.2  
00156, -0.0 
00151, 0.6  
00152, 0.1  
00157, 0.8  
00158, 2.1  
00153, -0.4 
00179, 0.1  
00252, 1.1  
00212, 0.9  
00202, 1.3  
00180, 1.2  
00253, 1.1  
00169, 0.3  
00161, -0.8 
00181, 0.6  
00154, 2.1  
00162, 2.3  
00254, 2.0  
00155, -0.1 
00203, 0.6  
00142, 1.5  
00170, -0.1 
00143, -0.4 
00156, 1.1  
00255, 1.3  
00182, -0.5 
00213, 1.5  
00256, 0.3  
00204, 0.7  
00214, 0.3  
00159, 0.9  
00160, 0.8  
00205, -0.8 
00157, 2.0  
00257, 0.7  
00215, 1.2  
00258, 1.3  
00206, 0.6  
00158, 0.9  
00159, -0.0 
00171, 0.3  
00163, 0.6  
00259, 1.3  
00073, -0.2 
00144, 0.2  
00160, -0.1 
00146, -0.5 
00216, -0.2 
00260, 0.0  
00207, 0.9  
00261, 1.1  
00172, 1.3  
00164, 0.5  
00262, 0.3  
00208, -1.7 
00217, -0.2 
00209, -0.7 
00263, 0.9  
00264, -1.1 
00210, 1.1  
00147, 0.0  
00173, -1.0 
00161, 0.6  
00162, 0.1  
00265, 0.6  
00145, 0.3  
00148, 1.2  
00161, 1.1  
00165, 1.7  
00162, -0.1 
00174, 2.1  
00266, 0.0  
00218, -0.4 
00267, -0.1 
00219, -0.6 
00268, 0.8  
00163, 0.4  
00166, 0.2  
00163, -0.0 
00146, 0.7  
00149, 1.1  
00269, 0.0  
00183, 1.6  
00147, -0.2 
00150, 1.0  
00164, 2.1  
00151, 3.0  
00270, -0.1 
00184, 0.7  
00165, 0.8  
00220, 0.9  
00167, 0.7  
00148, 0.1  
00166, 1.0  
00271, -0.6 
00221, -1.1 
00185, 0.5  
00211, 0.1  
00152, 0.6  
00153, -0.6 
00167, -1.1 
00168, -0.1 
00168, 0.4  
00169, 0.2  
00186, 1.6  
00212, 1.1  
00169, 1.9  
00170, 0.7  
00213, 1.5  
00214, 0.3  
00222, -0.1 
00272, -0.1 
00164, -0.3 
00165, 1.0  
00215, -0.6 
00273, -0.4 
00274, -0.9 
00149, -0.3 
00175, 0.5  
00216, 0.3  
00275, 0.4  
00223, -0.6 
00224, 0.3  
00225, 0.2  
00150, -1.2 
00276, 0.6  
00187, 0.3  
00277, 2.0  
00170, 0.9  
00226, 0.0  
00171, -0.3 
00166, 0.1  
00217, 2.0  
00172, 0.7  
00227, 0.9  
00171, -0.1 
00176, 0.4  
00278, -0.4 
00172, 0.1  
00279, 0.1  
00177, 0.6  
00280, -0.8 
00151, -3.1 
00281, 1.0  
00178, 0.6  
00173, 0.8  
00228, -0.6 
00173, 0.2  
00154, 0.1  
00174, 1.8  
00175, 2.1  
00074, 1.9  
00179, 0.9  
00229, 0.2  
00176, 0.1  
00230, 0.6  
00180, 0.9  
00218, 0.7  
00231, 2.2  
00155, 0.6  
00167, 0.6  
00282, -0.0 
00188, -0.3 
00219, -0.8 
00152, 0.4  
00283, 1.5  
00232, 0.6  
00153, -0.5 
00174, 1.7  
00233, 0.4  
00156, 1.6  
00177, -0.3 
00181, 1.4  
00284, 0.4  
00285, 0.0  
00182, 0.6  
00168, -0.0 
00220, -1.4 
00178, 1.0  
00154, -1.4 
00234, -2.0 
00235, 0.7  
00286, 0.1  
00169, 0.0  
00189, -0.3 
00175, 2.2  
00170, 0.8  
00157, 0.2  
00183, -0.2 
00236, -0.0 
00287, 0.7  
00155, -0.8 
00156, 1.3  
00237, -0.5 
00190, 0.1  
00288, -0.3 
00171, 0.2  
00221, 1.1  
00238, 1.9  
00184, 0.7  
00176, 0.2  
00289, 0.9  
00222, 0.5  
00177, 0.3  
00191, 0.1  
00290, -0.1 
00223, 1.1  
00239, 2.8  
00172, 2.2  
00291, 0.5  
00075, 1.1  
00158, 0.6  
00240, 0.4  
00292, 0.0  
00293, -0.7 
00179, 0.5  
00294, 0.3  
00241, 0.9  
00185, -0.2 
00157, 0.3  
00295, -0.2 
00224, -0.1 
00159, 0.3  
00225, 0.5  
00296, 2.6  
00192, -1.1 
00180, -0.2 
00193, 0.6  
00297, -0.1 
00158, 0.8  
00226, 0.6  
00227, 0.6  
00186, 2.4  
00194, 2.2  
00228, -0.3 
00178, 0.9  
00229, -0.8 
00298, 0.7  
00187, 1.0  
00179, 1.9  
00242, 0.6  
00195, 0.7  
00230, 0.2  
00159, 0.5  
00196, -0.2 
00243, 0.7  
00231, 1.4  
00160, -1.7 
00232, -0.2 
00181, 0.2  
00244, 1.0  
00160, 2.1  
00161, 0.1  
00299, -0.8 
00233, -0.5 
00173, -0.3 
00162, 0.4  
00234, 1.3  
00235, 0.7  
00161, -0.3 
00188, 0.9  
00189, 0.0  
00174, -0.6 
00180, 0.3  
00197, 0.6  
00245, 1.0  
00300, 0.1  
00182, -0.3 
00181, 0.3  
00301, -0.4 
00246, 2.1  
00162, 1.0  
00247, 1.2  
00248, 0.2  
00198, -0.4 
00182, 0.9  
00199, 0.0  
00183, -0.6 
00200, -0.1 
00183, -1.3 
00184, 1.6  
00236, 0.4  
00302, 0.4  
00185, 0.7  
00201, 1.0  
00190, 0.6  
00175, 0.7  
00163, 0.5  
00164, 0.0  
00303, 0.1  
00249, 0.4  
00165, -0.6 
00184, 1.5  
00304, 2.4  
00237, -0.2 
00186, -0.5 
00191, 0.8  
00305, 0.5  
00163, -0.7 
00306, 1.2  
00166, 0.3  
00176, -0.2 
00066, 0.2  
00250, 2.0  
00185, 1.4  
00167, 1.8  
00251, 1.9  
00177, -0.3 
00186, 0.8  
00187, 0.7  
00238, 0.2  
00252, 1.4  
00239, 1.4  
00307, 0.2  
00188, -0.8 
00178, 1.3  
00308, 2.5  
00187, 0.9  
00192, 0.8  
00188, -0.5 
00253, 0.1  
00254, 1.7  
00255, -0.1 
00067, 0.5  
00168, -1.3 
00309, 2.4  
00189, 0.5  
00310, 3.1  
00190, -0.7 
00256, -0.7 
00311, 1.5  
00257, 1.9  
00240, 1.4  
00169, 0.8  
00312, 0.7  
00179, -0.6 
00164, 0.6  
00258, 0.7  
00193, 1.0  
00313, -1.0 
00202, 1.1  
00259, 0.7  
00170, -0.0 
00191, 0.5  
00180, 1.4  
00241, 0.2  
00260, -0.5 
00068, 1.8  
00194, 0.4  
00203, 1.4  
00192, 0.4  
00261, 1.1  
00314, 1.1  
00189, 0.3  
00242, 1.7  
00195, -0.5 
00204, -0.1 
00196, 0.4  
00315, 0.8  
00181, -0.4 
00171, -0.0 
00165, 1.4  
00205, -1.9 
00193, 3.1  
00206, 1.2  
00316, 0.8  
00194, 0.8  
00317, 2.0  
00076, 1.3  
00207, 2.2  
00166, 1.0  
00208, 0.5  
00167, 0.3  
00262, 1.2  
00243, 0.6  
00263, 0.4  
00244, -0.7 
00195, 0.6  
00245, 1.7  
00318, 0.6  
00264, -0.6 
00319, 0.6  
00265, 0.3  
00196, -0.2 
00266, 0.4  
00320, -0.8 
00197, 1.0  
00321, -0.3 
00197, 1.0  
00267, -0.1 
00190, -0.2 
00182, 0.1  
00268, 0.6  
00322, 0.3  
00269, -0.3 
00183, -0.5 
00270, 0.0  
00191, 0.1  
00271, 0.0  
00198, 0.0  
00172, -0.7 
00272, 0.3  
00246, 0.9  
00199, 0.1  
00323, 0.9  
00198, 1.4  
00273, 0.8  
00209, -0.1 
00210, -0.4 
00211, -0.7 
00173, -0.2 
00199, 1.5  
00212, 1.5  
00200, -1.1 
00274, -1.0 
00200, 0.0  
00213, 1.0  
00324, -0.9 
00214, 0.4  
00215, -0.3 
00077, 1.6  
00192, 0.3  
00193, -0.2 
00168, 1.9  
00184, 0.8  
00169, 1.3  
00194, 0.6  
00216, 0.1  
00217, 0.5  
00195, 1.6  
00275, 1.6  
00325, 1.7  
00247, 2.7  
00201, 0.9  
00218, 1.0  
00326, 0.0  
00202, 0.2  
00248, 0.5  
00219, 2.0  
00196, 0.4  
00327, 0.0  
00201, 0.7  
00220, 1.4  
00174, -0.6 
00221, 0.3  
00328, 1.3  
00170, 1.5  
00197, 0.2  
00276, -0.3 
00249, -0.3 
00250, -0.9 
00251, 1.0  
00252, 0.2  
00329, 1.4  
00253, 1.2  
00203, 0.9  
00254, -0.4 
00330, -0.4 
00277, 0.1  
00204, -0.9 
00198, 1.4  
00205, -0.3 
00331, 0.2  
00255, 1.0  
00175, -0.8 
00202, 0.1  
00206, 0.9  
00222, 2.3  
00223, 1.5  
00185, 1.1  
00224, 0.2  
00203, 1.0  
00278, 1.1  
00207, 0.9  
00225, 0.8  
00208, 0.3  
00204, 2.4  
00332, 0.8  
00256, -0.3 
00199, -0.7 
00200, -0.0 
00257, 0.5  
00209, -0.1 
00333, 0.6  
00176, 0.1  
00279, 0.1  
00171, -0.0 
00226, 0.7  
00210, 2.3  
00186, 1.1  
00172, 0.2  
00211, -1.1 
00227, -1.9 
00258, -1.2 
00187, 2.0  
00334, 0.1  
00177, 0.1  
00205, 2.2  
00228, 0.2  
00280, 0.4  
00173, 0.9  
00335, 0.3  
00229, 0.9  
00201, 0.4  
00336, 0.5  
00212, 1.1  
00281, 1.7  
00337, 2.2  
00178, 1.4  
00213, 1.0  
00188, -0.5 
00282, 1.0  
00259, -0.4 
00338, 0.4  
00214, 1.2  
00283, -0.3 
00339, 0.3  
00206, 1.4  
00189, 1.1  
00260, -0.9 
00207, 1.1  
00230, 0.4  
00261, 0.3  
00208, -0.5 
00231, -0.2 
00190, 1.1  
00215, 1.9  
00179, -0.1 
00191, 0.4  
00232, -0.0 
00216, 0.7  
00340, 0.5  
00262, 0.4  
00233, 0.3  
00341, 0.6  
00234, 1.2  
00284, 1.1  
00263, -0.1 
00209, 1.0  
00235, 0.2  
00285, 0.2  
00210, 0.4  
00174, 1.4  
00286, -0.6 
00175, 1.5  
00217, 0.7  
00236, -0.9 
00211, 1.5  
00202, 1.1  
00237, -0.4 
00264, 0.6  
00238, 0.5  
00342, 0.0  
00212, 1.1  
00287, 1.1  
00218, 0.1  
00176, 1.6  
00219, -0.2 
00203, 1.7  
00213, 1.0  
00180, -0.3 
00343, -0.5 
00239, 0.8  
00181, 1.0  
00288, 1.0  
00192, 1.4  
00177, 0.5  
00214, 1.6  
00289, -0.3 
00344, 0.2  
00345, 0.5  
00240, 0.3  
00182, -0.2 
00178, -0.1 
00241, 1.0  
00242, 1.1  
00243, 0.8  
00244, -0.1 
00245, 0.6  
00265, 0.5  
00246, 0.7  
00346, 1.0  
00193, 0.3  
00069, 1.2  
00266, 1.8  
00347, 0.4  
00290, 2.2  
00247, 0.9  
00248, 0.8  
00183, -0.4 
00070, 0.5  
00348, -0.1 
00349, 1.9  
00267, 0.4  
00350, 0.6  
00194, -0.5 
00195, -0.3 
00204, 0.5  
00249, 1.4  
00184, -0.0 
00220, 0.7  
00215, 0.9  
00250, 1.9  
00251, 1.2  
00196, 0.2  
00291, 2.0  
00252, 1.3  
00179, 0.2  
00078, -0.2 
00205, 0.5  
00216, 1.5  
00292, 1.1  
00206, 0.9  
00197, 0.2  
00217, 0.3  
00293, 1.6  
00071, 1.4  
00294, 0.5  
00198, -0.1 
00199, -0.4 
00185, 0.5  
00207, -0.3 
00268, 0.1  
00295, 0.9  
00253, 2.1  
00254, 1.3  
00186, -0.1 
00200, 1.9  
00269, -0.3 
00201, -0.1 
00351, -0.0 
00180, 0.6  
00208, 1.1  
00181, 0.6  
00218, 0.4  
00202, 1.1  
00203, -0.1 
00352, -1.3 
00221, 0.7  
00270, 0.7  
00222, -0.7 
00271, 2.1  
00223, 1.0  
00219, 2.1  
00209, 1.2  
00187, 0.2  
00220, -0.5 
00296, -0.5 
00353, 1.7  
00354, 0.8  
00224, 0.9  
00182, 0.9  
00221, 1.0  
00355, 0.4  
00204, 0.4  
00297, 1.0  
00188, 0.2  
00225, 0.2  
00222, 0.8  
00205, 1.0  
00272, 1.5  
00255, -0.2 
00298, 0.5  
00356, 2.6  
00273, 0.0  
00226, 0.9  
00206, 1.1  
00357, -0.4 
00358, 0.0  
00210, 2.8  
00359, 0.9  
00211, 1.0  
00256, 0.8  
00274, 0.7  
00223, 0.6  
00257, 0.5  
00224, 1.0  
00360, -0.2 
00258, 1.2  
00207, 0.1  
00225, 0.3  
00227, 1.1  
00226, 0.3  
00299, -0.2 
00189, 0.1  
00183, 0.2  
00259, 1.0  
00227, 0.4  
00361, -0.2 
00362, 1.0  
00300, 2.8  
00184, 0.6  
00260, 0.4  
00228, 0.1  
00261, 0.7  
00212, 0.9  
00301, 0.8  
00275, -0.4 
00229, -0.4 
00228, 0.0  
00230, -0.6 
00229, 0.0  
00213, 1.4  
00214, 0.1  
00230, 1.1  
00208, 1.1  
00231, 0.7  
00231, 2.5  
00215, 2.4  
00276, 1.5  
00262, 0.3  
00209, 0.7  
00363, 0.7  
00364, 1.6  
00232, 1.0  
00233, -0.1 
00210, 0.8  
00302, 1.1  
00365, 0.4  
00216, 0.6  
00185, 0.0  
00190, 1.2  
00232, 1.8  
00234, 1.0  
00366, 0.6  
00211, 1.9  
00233, 1.6  
00263, 0.4  
00277, 1.2  
00212, -0.0 
00186, 1.4  
00367, 0.9  
00213, 0.1  
00368, 2.6  
00303, 0.5  
00369, 0.1  
00235, 1.3  
00264, 0.3  
00304, 0.7  
00265, 1.0  
00278, 1.4  
00266, 0.8  
00370, 0.3  
00279, 1.1  
00305, 1.2  
00267, 0.6  
00236, 0.0  
00187, 0.6  
00234, 1.2  
00268, 0.6  
00235, 2.0  
00214, 0.5  
00217, 0.7  
00306, -0.4 
00237, -0.7 
00236, 0.5  
00280, 1.0  
00371, -0.6 
00237, 0.2  
00372, -1.2 
00238, 1.8  
00269, 1.0  
00281, 0.1  
00270, 0.8  
00188, 1.6  
00373, 1.3  
00307, -0.3 
00271, 0.9  
00238, 0.5  
00218, 1.6  
00308, 0.1  
00374, 1.0  
00191, 1.2  
00239, -0.3 
00215, 2.3  
00240, -0.3 
00189, 0.7  
00375, 2.8  
00216, 0.5  
00192, 0.8  
00376, 0.8  
00309, -0.1 
00282, -0.2 
00219, -0.1 
00220, 1.3  
00377, 0.5  
00239, 0.9  
00241, 1.6  
00378, 2.6  
00221, 1.5  
00272, 1.3  
00190, 0.4  
00283, 0.1  
00217, 0.6  
00379, 0.6  
00273, 1.2  
00274, 0.2  
00380, 1.0  
00275, 0.9  
00242, -0.7 
00284, 0.3  
00310, 0.6  
00381, 0.4  
00311, 0.1  
00312, 0.5  
00382, 2.1  
00285, 0.4  
00222, 0.2  
00383, 0.7  
00286, 0.5  
00313, 0.5  
00287, 0.2  
00191, 0.8  
00384, 0.3  
00223, 1.6  
00243, 1.6  
00240, 0.8  
00288, 1.1  
00314, 0.2  
00193, -0.1 
00385, 0.0  
00289, 2.5  
00276, 2.0  
00290, 0.7  
00315, 1.0  
00241, 1.6  
00277, -0.4 
00386, 0.5  
00242, 1.7  
00387, 1.9  
00243, 2.2  
00079, 0.1  
00244, 2.6  
00278, 1.1  
00388, 1.6  
00245, 0.2  
00389, 0.5  
00390, 0.2  
00194, -0.0 
00391, 0.4  
00218, 1.3  
00224, 0.1  
00291, -0.0 
00279, 0.2  
00316, 1.1  
00392, 2.0  
00225, 0.4  
00317, -0.4 
00195, -0.6 
00196, 0.5  
00246, 1.4  
00247, 1.3  
00318, 1.7  
00244, 0.5  
00245, 0.9  
00292, -0.2 
00248, 0.9  
00197, 0.1  
00192, -0.2 
00280, -1.2 
00281, 0.4  
00249, -1.4 
00246, 0.4  
00293, 0.8  
00250, 1.0  
00393, 0.9  
00282, 0.6  
00319, 1.2  
00198, -0.1 
00219, -0.1 
00247, -0.7 
00199, 0.2  
00294, 1.8  
00248, 0.7  
00394, 1.3  
00220, 0.5  
00221, 0.6  
00200, 1.6  
00320, 0.7  
00251, 0.1  
00201, 0.4  
00321, 1.1  
00222, 0.3  
00193, 1.6  
00395, -0.1 
00249, -0.6 
00194, 2.0  
00226, 1.6  
00396, 0.7  
00322, 1.9  
00323, 1.9  
00202, -0.9 
00227, -0.1 
00397, 1.0  
00250, 0.3  
00324, -0.3 
00223, 1.1  
00195, 0.6  
00283, 0.1  
00252, -0.9 
00251, 1.5  
00284, 1.3  
00398, 1.0  
00285, 1.2  
00399, -0.1 
00228, 1.0  
00252, 1.1  
00253, -0.6 
00325, 0.4  
00254, -0.2 
00286, 1.0  
00255, -0.5 
00287, 0.5  
00196, 0.8  
00295, 3.6  
00256, 0.8  
00288, 0.5  
00400, 1.1  
00296, 1.9  
00401, 0.9  
00289, 0.8  
00326, 1.0  
00297, 0.6  
00257, -0.7 
00197, 0.5  
00258, 0.7  
00072, -0.0 
00290, 1.4  
00327, 0.1  
00291, 0.6  
00229, 0.7  
00298, -0.2 
00402, 1.0  
00299, -0.4 
00300, 1.0  
00224, 1.0  
00253, 1.7  
00230, 1.8  
00328, 0.0  
00259, 2.0  
00203, 0.3  
00301, 0.6  
00225, 0.3  
00403, 0.0  
00302, 0.6  
00260, -0.1 
00329, -0.1 
00198, 2.4  
00231, 1.3  
00261, 0.4  
00199, 1.8  
00204, -0.4 
00262, -0.9 
00330, 0.9  
00263, 0.3  
00292, 0.7  
00331, 0.5  
00264, 0.8  
00293, 1.8  
00294, 0.8  
00404, 0.5  
00295, 0.2  
00265, 1.1  
00296, 1.5  
00254, -0.3 
00232, 0.1  
00080, -0.0 
00405, 0.2  
00297, -0.3 
00406, 0.4  
00233, 0.5  
00332, -0.4 
00234, 0.7  
00205, -0.2 
00303, 1.4  
00298, 1.3  
00226, 0.2  
00255, 0.2  
00200, 0.9  
00333, 1.5  
00407, 0.1  
00256, 1.4  
00299, 0.7  
00266, 0.7  
00257, 0.8  
00201, 2.8  
00081, 0.3  
00235, 0.6  
00304, -1.0 
00408, 0.6  
00409, 0.7  
00334, 1.5  
00258, 0.3  
00305, 1.2  
00267, 0.1  
00236, 0.7  
00335, 0.8  
00410, 1.8  
00411, 0.7  
00227, 0.2  
00259, -0.6 
00306, 0.2  
00268, -0.3 
00228, 0.7  
00202, 0.1  
00307, 1.4  
00260, 1.0  
00237, 0.8  
00229, 1.4  
00203, 1.1  
00206, 0.9  
00412, 1.1  
00261, 1.5  
00336, -0.4 
00413, 0.8  
00308, 1.2  
00414, 1.6  
00300, 0.2  
00415, 0.8  
00269, 0.5  
00238, 0.8  
00262, 2.2  
00416, 1.3  
00204, 0.1  
00301, 1.0  
00337, 0.5  
00309, 0.9  
00302, 0.0  
00310, 1.6  
00338, 1.2  
00339, 0.7  
00263, 0.4  
00303, 0.2  
00304, 1.6  
00340, 0.5  
00311, -0.1 
00205, 0.7  
00312, 0.2  
00270, 0.2  
00206, 1.2  
00264, 0.5  
00271, -0.6 
00417, 0.0  
00341, 0.8  
00272, 0.3  
00342, 0.0  
00207, 1.2  
00343, 0.4  
00207, 0.6  
00230, 2.2  
00344, 0.6  
00231, 1.3  
00208, 0.2  
00273, 1.5  
00274, 0.5  
00232, 0.6  
00313, 0.5  
00418, 0.2  
00239, 1.7  
00275, -0.3 
00233, 1.6  
00265, 0.7  
00208, -0.1 
00419, 1.6  
00420, 0.6  
00421, 0.7  
00209, 1.9  
00314, -0.0 
00240, 1.3  
00276, 0.7  
00266, 1.1  
00241, 1.3  
00277, 0.6  
00305, 0.0  
00234, -0.2 
00422, 2.3  
00345, 0.1  
00346, 2.5  
00315, 1.6  
00210, 1.2  
00211, 0.2  
00316, 0.8  
00209, 1.1  
00317, 0.4  
00278, 0.6  
00267, 0.7  
00235, -0.3 
00212, -0.2 
00210, 1.4  
00306, 1.0  
00318, 1.3  
00073, 0.8  
00423, 0.1  
00319, -0.5 
00213, 0.7  
00082, -0.1 
00268, 0.9  
00320, -0.2 
00211, 0.6  
00321, 0.9  
00212, 1.8  
00322, -0.2 
00347, -0.3 
00307, 0.5  
00242, 1.6  
00236, 2.0  
00323, 0.2  
00279, -0.7 
00269, 1.2  
00074, 0.7  
00243, 0.9  
00214, 1.0  
00348, 0.4  
00237, 3.2  
00349, 0.3  
00213, 1.3  
00350, 2.6  
00238, 1.0  
00244, -0.3 
00324, 1.6  
00214, 1.4  
00325, 0.6  
00280, 1.2  
00239, 0.7  
00351, 0.1  
00270, 1.6  
00308, 0.2  
00281, 1.5  
00309, 1.3  
00310, 0.0  
00215, 1.5  
00240, 0.2  
00245, 0.7  
00241, 1.1  
00424, 1.3  
00216, 1.5  
00271, -0.3 
00425, 0.2  
00246, 1.1  
00426, 0.7  
00352, 1.8  
00217, 0.1  
00282, -0.1 
00311, 0.5  
00312, 1.6  
00427, 1.4  
00075, 1.1  
00242, 2.3  
00313, 0.5  
00326, 0.9  
00314, 2.1  
00247, 1.2  
00428, 0.9  
00327, -0.0 
00315, 0.4  
00243, 0.5  
00328, -0.1 
00218, 1.6  
00429, 1.6  
00244, 0.6  
00430, 0.5  
00431, 0.7  
00432, 2.0  
00219, 0.6  
00329, 1.7  
00272, 1.8  
00316, -0.2 
00433, 0.3  
00273, 1.2  
00353, 0.3  
00283, 1.3  
00248, 1.4  
00215, 1.0  
00354, 2.9  
00317, 0.9  
00318, 1.3  
00434, 0.9  
00245, 0.1  
00355, 0.1  
00274, 0.8  
00319, 1.0  
00284, 0.5  
00356, 1.1  
00216, 4.0  
00285, 0.8  
00435, 1.6  
00286, 1.7  
00320, 0.5  
00275, 1.2  
00436, -0.2 
00246, 0.8  
00287, 1.9  
00330, 1.4  
00437, 2.3  
00357, 1.6  
00220, 2.0  
00076, 1.5  
00438, 1.7  
00358, 1.3  
00331, 0.1  
00332, -0.6 
00288, 1.4  
00333, 0.1  
00221, 1.0  
00334, -0.2 
00439, 1.1  
00249, 1.4  
00222, 0.8  
00276, 3.8  
00321, 1.7  
00217, 0.2  
00440, 0.9  
00335, 0.7  
00277, 1.7  
00336, 1.0  
00218, 0.4  
00223, 1.7  
00441, 0.8  
00289, 0.8  
00359, 1.9  
00360, 2.6  
00337, 1.4  
00442, 0.4  
00338, 0.1  
00443, -0.3 
00361, 1.1  
00247, 1.0  
00278, 1.1  
00224, 3.6  
00225, 0.6  
00362, 0.4  
00226, 1.2  
00444, 0.8  
00445, 0.5  
00446, 2.3  
00363, 0.7  
00248, 1.5  
00227, 1.5  
00290, 1.9  
00364, 1.2  
00339, 0.9  
00340, 0.5  
00291, 1.1  
00447, 0.5  
00279, 3.5  
00365, 1.5  
00250, 0.8  
00292, 0.9  
00448, 1.6  
00366, 2.2  
00341, 0.8  
00322, 0.3  
00251, 0.4  
00342, 2.5  
00252, 1.2  
00449, 0.6  
00253, 1.4  
00219, -0.2 
00083, 0.6  
00450, 1.2  
00220, 1.0  
00228, 1.4  
00367, 0.5  
00368, 1.6  
00343, 1.4  
00254, 0.8  
00255, 3.8  
00229, 1.6  
00280, 0.9  
00369, 1.8  
00281, 2.0  
00344, 1.6  
00293, 0.5  
00345, 0.6  
00346, 2.3  
00451, 0.9  
00282, 2.0  
00347, 1.2  
00452, 1.4  
00453, 1.6  
00454, 1.3  
00370, 1.1  
00283, 0.4  
00323, -0.0 
00455, 0.1  
00371, 1.9  
00256, 2.5  
00249, 0.6  
00250, 0.6  
00456, 0.7  
00372, -0.3 
00251, 0.9  
00324, -0.1 
00348, 0.1  
00373, 0.3  
00349, 1.6  
00325, 1.1  
00326, 1.5  
00457, 0.6  
00350, -0.3 
00230, 0.6  
00257, 1.4  
00327, 0.6  
00294, 1.1  
00351, 1.5  
00458, 1.1  
00295, 1.3  
00352, 0.4  
00353, 2.1  
00354, 0.2  
00328, 0.5  
00355, 0.4  
00374, 0.4  
00375, 0.9  
00252, 0.9  
00077, 1.8  
00258, 0.7  
00459, 2.7  
00231, 0.7  
00329, -0.3 
00460, 0.4  
00330, 0.6  
00331, 0.7  
00332, 1.0  
00232, 1.8  
00333, 0.2  
00233, 2.3  
00253, -0.4 
00334, 1.2  
00221, -0.1 
00254, 1.5  
00461, 1.3  
00335, 0.5  
00356, 1.9  
00255, 2.1  
00256, 1.6  
00296, 0.2  
00234, 0.7  
00257, 1.7  
00462, 2.3  
00357, 2.4  
00336, -0.1 
00463, 1.1  
00284, 0.3  
00285, 0.5  
00258, 1.1  
00337, 0.9  
00297, 0.8  
00286, 2.0  
00298, 2.5  
00078, 2.3  
00299, 0.8  
00259, 2.2  
00338, 1.0  
00287, -0.4 
00464, -0.5 
00376, 0.8  
00259, -0.5 
00377, 0.3  
00300, 1.1  
00288, 0.6  
00465, 2.2  
00222, -0.1 
00260, 0.2  
00378, -0.4 
00301, 0.3  
00466, 0.9  
00261, 0.2  
00260, 2.0  
00339, 1.2  
00289, 0.6  
00290, 0.8  
00262, 1.4  
00079, 1.9  
00261, 2.7  
00358, 0.1  
00263, 2.3  
00359, 0.2  
00379, 1.2  
00360, 2.4  
00302, 1.7  
00467, 0.8  
00380, 1.7  
00468, -0.2 
00340, 1.2  
00381, 0.5  
00382, 1.5  
00469, 0.7  
00264, 1.3  
00470, 0.5  
00471, 1.0  
00262, 0.0  
00472, 0.4  
00303, -0.7 
00263, 2.4  
00473, 0.9  
00361, 0.9  
00291, 1.5  
00265, 1.2  
00292, 1.0  
00383, -0.1 
00384, 1.7  
00385, 0.0  
00341, 0.3  
00235, -0.0 
00236, 3.1  
00362, 0.2  
00237, 0.4  
00266, 0.9  
00084, 2.2  
00386, 1.7  
00304, 1.2  
00387, 2.1  
00267, 0.7  
00474, -1.0 
00238, 0.3  
00239, -0.2 
00475, 0.3  
00085, 3.3  
00086, 2.4  
00293, 2.4  
00305, 2.0  
00264, 2.9  
00294, 0.4  
00223, 1.0  
00268, 1.9  
00306, 1.8  
00240, 1.2  
00363, 2.3  
00295, 1.2  
00342, 0.4  
00476, 0.2  
00296, 2.4  
00477, 2.9  
00269, 0.6  
00087, 2.9  
00224, 0.1  
00297, 0.8  
00080, 1.6  
00270, 1.1  
00388, 1.4  
00081, 1.3  
00298, 1.5  
00241, 0.7  
00088, 2.8  
00265, 0.8  
00271, 0.2  
00478, 1.6  
00389, 1.8  
00343, 1.1  
00266, 2.7  
00364, 2.0  
00344, 2.2  
00479, 1.1  
00345, 0.4  
00390, 0.9  
00346, 0.3  
00299, 1.9  
00267, 1.4  
00272, 1.1  
00365, 1.7  
00347, 3.0  
00366, 1.4  
00367, -0.0 
00082, 1.0  
00480, 1.3  
00268, 1.1  
00368, 0.0  
00391, 1.2  
00269, 1.5  
00270, 0.1  
00481, 1.1  
00348, 0.2  
00307, 1.0  
00392, 3.3  
00308, 2.0  
00482, 0.5  
00393, 1.2  
00273, 1.1  
00242, 0.2  
00369, -0.6 
00225, 3.9  
00274, 2.2  
00083, 0.9  
00309, 0.7  
00300, 1.6  
00349, 0.9  
00310, 0.6  
00394, 2.0  
00226, 2.6  
00243, 0.8  
00370, 1.1  
00350, 2.2  
00371, 0.6  
00395, 3.9  
00351, 1.2  
00311, -0.4 
00396, 1.4  
00271, 1.9  
00352, 1.5  
00312, 1.2  
00301, 1.4  
00089, 0.7  
00483, 0.4  
00302, 0.5  
00084, 2.7  
00372, 1.5  
00373, 10.5 
00085, -0.9 
00313, 2.1  
00303, 2.4  
00374, 4.4  
00275, 0.8  
00375, 2.7  
00353, 0.5  
00314, 2.3  
00227, 0.3  
00228, 2.6  
00376, -0.1 
00229, 0.1  
00276, 0.3  
00277, 1.6  
00244, 0.9  
00354, 1.4  
00397, 1.5  
00377, 0.6  
00272, 1.3  
00304, -0.3 
00086, 1.1  
00315, -0.2 
00316, 1.4  
00230, -0.5 
00273, 1.6  
00484, 0.9  
00305, 0.5  
00245, 2.2  
00306, 1.1  
00485, 2.4  
00486, 0.6  
00317, 1.0  
00378, 0.8  
00246, 1.4  
00487, 1.6  
00398, 3.5  
00318, 2.6  
00307, 1.6  
00308, 3.7  
00274, 3.3  
00309, 1.3  
00399, 2.1  
00488, 0.3  
00275, -0.5 
00400, 2.3  
00489, 0.4  
00087, 0.9  
00310, 2.9  
00319, 2.2  
00401, 2.1  
00311, 0.6  
00312, 2.4  
00490, 1.0  
00231, -0.3 
00491, 1.0  
00232, 2.0  
00355, 1.0  
00492, -0.2 
00493, 1.4  
00402, 0.9  
00276, -0.9 
00379, 1.7  
00320, 1.4  
00356, 0.0  
00380, 0.6  
00403, 1.9  
00404, 3.4  
00405, 1.9  
00381, 3.0  
00278, 0.6  
00233, 0.6  
00277, -0.3 
00321, 0.4  
00357, 1.2  
00382, 0.5  
00358, 1.4  
00278, 2.7  
00494, 2.3  
00322, 1.1  
00406, 1.1  
00495, 1.6  
00247, 1.6  
00496, 0.8  
00279, 1.0  
00280, 3.4  
00313, 2.1  
00383, 2.1  
00090, 2.3  
00314, 0.6  
00384, 0.5  
00281, 1.6  
00323, 1.2  
00497, 0.5  
00315, 0.3  
00316, 1.0  
00385, 0.2  
00282, 1.0  
00317, 0.9  
00324, 2.5  
00407, 2.2  
00234, -0.4 
00386, 0.0  
00408, 0.8  
00359, 0.7  
00325, 1.9  
00283, 3.7  
00498, 2.2  
00284, 2.3  
00091, -0.4 
00326, 1.7  
00387, 0.3  
00088, 2.8  
00360, 1.8  
00318, 2.7  
00285, 2.8  
00388, 1.9  
00089, 2.6  
00409, 0.3  
00286, -0.7 
00327, 0.9  
00248, 2.7  
00389, -1.0 
00287, 2.0  
00390, 1.6  
00249, 0.7  
00279, 2.6  
00410, 1.7  
00250, 2.2  
00361, -0.2 
00499, 0.8  
00411, 0.4  
00391, 0.2  
00235, 1.0  
00319, 1.3  
00236, 0.2  
00251, 2.0  
00328, 1.2  
00280, 1.1  
00500, 1.9  
00090, 0.7  
00412, 2.2  
00281, 2.3  
00288, 1.0  
00413, 0.0  
00282, 1.2  
00362, 0.4  
00289, 1.1  
00283, 0.4  
00501, 0.3  
00363, 3.8  
00237, 1.1  
00329, 1.4  
00502, 1.2  
00392, 2.3  
00320, 1.0  
00284, 1.2  
00321, 0.7  
00285, 1.5  
00503, 0.8  
00238, -0.2 
00504, 2.0  
00330, 3.9  
00393, 0.5  
00505, 1.1  
00394, 0.3  
00286, 0.0  
00091, 1.1  
00364, 2.4  
00395, 1.5  
00396, 2.3  
00365, 2.5  
00414, 1.1  
00506, 0.3  
00252, 0.2  
00322, 0.5  
00239, -0.6 
00415, 1.5  
00253, 0.6  
00331, 0.7  
00416, 1.2  
00417, 2.6  
00366, 1.1  
00332, 0.6  
00240, 1.0  
00367, 2.0  
00418, 1.1  
00368, 0.5  
00254, 0.4  
00397, 0.5  
00507, 1.1  
00508, -0.2 
00333, 0.2  
00092, 3.7  
00092, 0.9  
00287, 3.6  
00093, 2.1  
00288, 3.3  
00419, 1.0  
00369, 0.7  
00289, 0.3  
00398, 1.5  
00370, 1.1  
00290, 1.7  
00420, 0.3  
00291, 1.5  
00421, 1.7  
00509, 1.6  
00292, 1.3  
00334, 0.1  
00255, 0.9  
00510, 0.1  
00511, 1.0  
00241, 0.6  
00290, 2.6  
00422, 2.0  
00423, 2.6  
00399, 0.7  
00293, 1.8  
00424, 1.5  
00323, 1.8  
00335, -0.2 
00256, 3.2  
00093, -0.2 
00371, 0.8  
00324, 0.1  
00372, 2.0  
00512, 1.6  
00425, 4.1  
00325, 1.7  
00294, 1.4  
00400, 0.8  
00295, 1.6  
00094, 1.3  
00426, 2.2  
00401, -0.0 
00373, 1.6  
00326, 2.0  
00242, 0.1  
00327, 2.4  
00095, 1.6  
00291, 2.3  
00513, 0.4  
00328, 1.0  
00257, -0.0 
00514, 0.7  
00402, 0.7  
00292, 2.6  
00243, -0.1 
00374, 0.8  
00244, 0.2  
00329, 0.5  
00296, 1.1  
00403, 3.2  
00297, 0.4  
00258, 0.9  
00245, 0.5  
00427, 1.4  
00404, 1.5  
00330, 2.1  
00298, 1.9  
00405, 1.2  
00331, -0.4 
00375, 0.7  
00428, 0.8  
00299, 1.7  
00332, 0.9  
00429, 4.1  
00094, 1.8  
00246, 1.7  
00333, 1.1  
00336, 0.2  
00300, 0.5  
00259, 1.7  
00406, 0.7  
00407, 0.5  
00408, 1.1  
00293, 1.5  
00515, 1.8  
00337, 1.4  
00301, 1.1  
00409, -0.0 
00334, 1.3  
00376, 1.2  
00410, 0.9  
00247, 1.2  
00302, 2.3  
00248, 1.4  
00303, -1.2 
00260, 2.5  
00430, 1.7  
00335, 2.2  
00304, 0.9  
00261, 2.2  
00095, 1.2  
00305, 0.9  
00377, 0.6  
00249, 0.1  
00250, -0.8 
00338, 0.6  
00431, 0.6  
00432, 2.1  
00516, 1.3  
00336, -0.1 
00433, 2.2  
00378, 0.7  
00339, 4.0  
00517, 1.3  
00411, 2.5  
00340, 0.5  
00379, 0.1  
00341, 0.9  
00380, 1.0  
00434, 0.3  
00518, 1.7  
00381, 2.9  
00342, -0.4 
00306, 1.1  
00412, 0.6  
00294, 2.4  
00251, -0.2 
00413, 2.2  
00337, 0.8  
00343, 0.1  
00435, 0.6  
00338, 3.7  
00519, 1.7  
00262, -0.6 
00096, 1.0  
00252, 0.5  
00520, 0.5  
00414, 1.3  
00521, 2.3  
00382, 1.4  
00307, 0.5  
00383, 0.9  
00522, -0.1 
00344, 1.1  
00308, 1.5  
00415, 1.1  
00523, 0.7  
00309, 1.7  
00384, 1.6  
00524, 0.8  
00339, 0.3  
00340, 2.2  
00436, 1.6  
00437, 1.4  
00438, 1.8  
00416, 3.9  
00097, 1.2  
00417, 2.2  
00345, 1.9  
00096, 0.9  
00341, 2.0  
00295, -0.5 
00385, 1.5  
00342, 0.4  
00263, 1.4  
00386, 1.6  
00343, 2.2  
00439, 1.4  
00525, 2.0  
00418, 3.0  
00440, 1.0  
00526, 0.6  
00346, 1.5  
00347, 1.7  
00344, 1.9  
00097, 2.4  
00441, 1.3  
00310, 1.4  
00387, 2.2  
00253, 0.4  
00098, 2.3  
00254, 0.7  
00099, 1.4  
00527, 1.9  
00264, 1.1  
00265, 1.6  
00311, 0.8  
00296, 1.0  
00345, 0.5  
00442, 1.1  
00255, 0.8  
00443, 2.4  
00528, 2.0  
00419, 1.6  
00346, 0.9  
00420, 1.2  
00529, 2.7  
00444, 2.5  
00388, 2.0  
00530, 2.7  
00348, 1.4  
00421, 1.5  
00422, 1.8  
00445, 2.5  
00423, -0.4 
00256, 11.0 
00347, 3.6  
00348, 1.3  
00349, 1.4  
00312, 1.4  
00297, 2.2  
00424, 3.2  
00313, 1.2  
00531, 0.6  
00532, 0.5  
00349, 1.1  
00257, -0.6 
00098, 1.7  
00533, 1.1  
00100, 1.7  
00425, 1.7  
00389, 0.9  
00298, 1.2  
00350, 1.0  
00534, 1.7  
00299, 1.0  
00350, 0.7  
00266, 2.0  
00099, 2.1  
00351, 0.8  
00390, 1.2  
00300, 1.4  
00301, 0.1  
00352, -0.0 
00302, 0.4  
00391, 1.2  
00392, 0.7  
00535, 1.4  
00446, 1.6  
00426, 1.9  
00447, 2.8  
00448, 0.6  
00267, 0.9  
00351, 1.8  
00427, 1.4  
00352, 1.5  
00393, 0.4  
00314, 0.7  
00303, -0.1 
00353, -0.7 
00315, 1.0  
00354, 2.5  
00268, 1.0  
00304, 1.1  
00536, 3.4  
00355, 0.8  
00356, 1.1  
00353, 4.5  
00394, 0.2  
00354, 0.4  
00357, 2.8  
00316, 1.2  
00305, 0.8  
00537, 1.0  
00355, 0.3  
00306, 0.7  
00449, 2.4  
00358, 2.0  
00538, 1.1  
00100, 1.2  
00307, 1.4  
00356, 0.3  
00357, 1.9  
00395, 0.6  
00539, 0.9  
00540, 0.5  
00428, 0.6  
00258, 1.4  
00429, 0.8  
00450, 1.9  
00359, 1.3  
00308, 2.5  
00101, -0.7 
00317, 3.0  
00430, 2.0  
00358, 2.1  
00259, 0.8  
00101, 1.3  
00360, 0.9  
00541, 0.9  
00431, 0.5  
00542, 0.8  
00359, 1.4  
00451, 0.1  
00318, 0.4  
00543, 1.7  
00319, 2.7  
00544, 1.5  
00452, 0.1  
00320, 1.8  
00453, 0.5  
00321, 0.8  
00454, 0.0  
00396, 0.9  
00545, 2.9  
00455, 2.5  
00260, 2.1  
00309, 1.3  
00546, 1.7  
00361, 1.8  
00102, 2.8  
00102, 1.9  
00103, 1.8  
00310, 0.3  
00547, 1.1  
00311, 1.7  
00104, 1.7  
00362, 1.6  
00360, 1.1  
00269, 2.8  
00312, 2.5  
00432, -0.3 
00548, 1.9  
00456, 0.4  
00361, 0.1  
00362, 0.6  
00457, -0.5 
00397, 0.1  
00398, 1.9  
00549, 0.5  
00313, -0.4 
00399, 0.9  
00105, 1.3  
00400, 1.8  
00550, -0.2 
00270, 1.0  
00433, 2.8  
00434, 2.3  
00363, 0.8  
00314, 2.1  
00551, 1.7  
00103, 1.1  
00271, 2.9  
00552, 1.1  
00315, 2.9  
00553, 2.1  
00106, 1.6  
00435, 3.1  
00322, 0.1  
00107, 4.4  
00272, 1.8  
00323, 0.7  
00324, 1.9  
00316, 0.2  
00364, 2.5  
00554, 1.3  
00555, 1.0  
00104, 1.3  
00325, 0.8  
00326, 2.4  
00401, 3.3  
00556, 0.1  
00327, 1.3  
00317, -0.7 
00328, -0.8 
00436, 2.3  
00437, 0.7  
00329, 0.6  
00273, 1.9  
00365, 0.7  
00458, 0.9  
00438, -0.1 
00402, 1.8  
00403, 1.3  
00318, 0.8  
00439, 0.9  
00363, -0.2 
00440, 3.3  
00364, 3.0  
00365, 1.8  
00261, 2.6  
00441, -0.1 
00404, 1.9  
00459, 0.5  
00330, 1.5  
00557, 3.5  
00331, -0.2 
00405, 1.6  
00319, 1.3  
00366, 1.4  
00274, 1.0  
00367, 0.0  
00275, 0.2  
00332, 0.2  
00366, 0.3  
00442, 0.8  
00262, 1.0  
00368, 0.3  
00276, 5.5  
00277, 1.3  
00278, 2.6  
00263, 2.5  
00369, 3.5  
00108, 1.4  
00105, 1.9  
00106, 1.0  
00264, 0.4  
00370, 1.5  
00406, 2.7  
00320, 0.7  
00279, 1.5  
00371, 2.5  
00107, 3.8  
00460, 0.9  
00109, 0.6  
00367, 2.2  
00321, 0.6  
00265, 1.8  
00110, 0.5  
00372, 0.9  
00280, 1.3  
00281, 1.3  
00461, 1.4  
00266, 3.7  
00282, 1.8  
00443, 1.1  
00283, 1.1  
00368, 2.1  
00267, 1.4  
00444, 2.2  
00322, 1.7  
00373, 2.8  
00369, 2.3  
00333, 2.2  
00284, 0.5  
00334, 1.1  
00370, 0.6  
00445, 1.1  
00111, 0.3  
00462, 1.0  
00407, 1.7  
00323, 0.8  
00374, 2.3  
00408, 1.7  
00108, 2.2  
00335, 2.4  
00324, 1.5  
00446, 1.6  
00285, 3.1  
00375, -0.2 
00286, 0.2  
00109, 3.6  
00336, 2.3  
00337, 2.3  
00110, 0.9  
00268, 3.0  
00558, 0.6  
00559, 0.5  
00376, 0.3  
00560, 2.0  
00338, -0.1 
00269, 0.3  
00409, 2.1  
00339, 0.6  
00377, 0.6  
00447, 1.3  
00448, 1.4  
00340, 1.1  
00112, 3.4  
00341, 2.6  
00561, 0.6  
00449, 1.2  
00378, 1.4  
00379, 1.0  
00463, 1.1  
00342, 1.3  
00562, 0.7  
00325, 2.4  
00563, 1.5  
00326, 3.4  
00450, 0.4  
00270, 0.3  
00410, 1.4  
00327, 3.1  
00464, 2.9  
00451, 4.3  
00564, 1.1  
00328, 1.7  
00287, 1.1  
00329, 1.8  
00371, 2.8  
00465, 0.5  
00288, 0.9  
00271, 1.0  
00372, 4.7  
00565, 2.5  
00330, 1.2  
00343, 1.2  
00466, 2.9  
00289, 0.8  
00566, 3.2  
00373, 0.8  
00452, 3.1  
00331, 0.5  
00411, 1.0  
00567, 1.1  
00290, 1.3  
00344, 0.9  
00568, 2.2  
00345, 1.4  
00453, 0.9  
00346, 0.6  
00454, 2.4  
00113, 2.0  
00569, 0.3  
00570, 0.9  
00455, -0.4 
00456, 0.1  
00374, 3.3  
00571, 2.2  
00457, 2.1  
00412, 1.7  
00467, 2.2  
00272, 2.7  
00468, 0.4  
00347, 1.7  
00380, 1.2  
00291, 0.6  
00572, 2.7  
00381, 0.9  
00375, 2.4  
00413, 2.2  
00348, 2.1  
00469, 1.6  
00573, 2.1  
00470, 1.1  
00376, 0.0  
00349, 2.1  
00332, 1.0  
00292, 1.0  
00414, 0.1  
00574, 1.0  
00382, 0.9  
00333, -0.1 
00293, 0.5  
00415, 1.3  
00575, 1.7  
00383, 3.9  
00334, 1.4  
00111, 5.0  
00384, 0.7  
00576, 3.0  
00471, 0.9  
00577, 1.3  
00377, 1.2  
00416, 0.8  
00458, 1.3  
00385, 2.9  
00378, 0.4  
00114, 3.4  
00386, 1.1  
00294, 1.2  
00379, -0.7 
00459, 1.8  
00295, 2.7  
00335, 0.9  
00417, 2.0  
00418, 1.8  
00336, 1.7  
00419, 1.2  
00578, -0.1 
00387, 0.8  
00350, 1.6  
00296, 1.5  
00297, 3.6  
00579, 1.2  
00460, 1.2  
00112, 0.5  
00298, 2.5  
00461, 0.1  
00299, 0.8  
00337, 1.1  
00351, 1.5  
00388, 2.5  
00300, 1.4  
00389, 1.1  
00380, 2.2  
00390, 0.7  
00420, 1.5  
00421, -0.1 
00422, 1.4  
00301, 1.2  
00352, 1.0  
00580, 1.9  
00353, 2.9  
00338, 2.1  
00462, 3.4  
00581, 1.9  
00391, 1.6  
00582, 2.3  
00583, 2.8  
00472, 1.7  
00354, 1.6  
00355, 0.2  
00463, 2.3  
00584, 1.4  
00464, -0.4 
00302, 3.9  
00423, 1.2  
00303, 0.5  
00424, 0.9  
00304, 0.6  
00465, 0.5  
00305, 2.5  
00392, 0.6  
00473, 1.1  
00474, 2.7  
00356, 1.1  
00585, 1.2  
00466, -0.4 
00467, 0.0  
00381, -0.1 
00306, 1.4  
00425, 1.0  
00426, 0.7  
00586, 1.2  
00468, 0.5  
00307, 2.0  
00339, 2.5  
00393, 1.6  
00427, 1.0  
00469, 0.8  
00470, 0.3  
00428, 2.0  
00394, 1.9  
00382, 1.7  
00273, 0.3  
00308, 1.0  
00471, -0.4 
00113, 1.7  
00309, 2.5  
00472, -0.3 
00383, 0.3  
00473, 0.0  
00357, 2.0  
00587, -0.1 
00395, 1.7  
00274, 1.3  
00475, 1.4  
00384, -0.5 
00476, 0.5  
00429, 0.4  
00588, 0.6  
00474, -0.5 
00114, 1.5  
00340, 2.0  
00310, 1.1  
00589, 1.4  
00275, 1.2  
00477, 1.8  
00385, 1.3  
00590, 1.1  
00358, 1.7  
00386, 2.4  
00387, 1.9  
00591, 1.1  
00475, 0.3  
00476, 1.4  
00388, 1.6  
00396, 1.9  
00397, 2.0  
00398, 4.0  
00477, 0.2  
00359, 0.6  
00115, 0.1  
00115, 2.1  
00478, 2.4  
00311, 0.6  
00399, -0.9 
00478, 1.2  
00479, 2.5  
00592, 0.9  
00389, 0.3  
00593, 0.9  
00430, 2.5  
00390, 0.2  
00341, 0.6  
00594, 0.5  
00480, 0.2  
00595, 0.9  
00431, 1.4  
00481, 2.8  
00479, 2.3  
00432, 0.6  
00276, 0.7  
00277, 1.1  
00480, 1.6  
00481, 0.7  
00360, 1.2  
00342, 1.5  
00482, 0.3  
00361, 2.3  
00116, 0.5  
00343, 0.6  
00116, 0.4  
00344, -0.4 
00117, 1.4  
00596, 1.1  
00362, 1.2  
00391, 0.7  
00400, 0.2  
00401, 1.0  
00345, 0.7  
00597, 0.5  
00278, -0.1 
00279, 1.0  
00392, 1.2  
00280, 1.6  
00393, 1.5  
00482, 2.0  
00483, 0.2  
00483, 2.5  
00312, 1.7  
00433, 1.8  
00346, -0.1 
00484, 1.0  
00281, 0.8  
00434, 1.4  
00347, 2.7  
00485, 2.4  
00282, 1.5  
00394, 0.4  
00486, 0.9  
00598, 0.0  
00599, 1.9  
00484, 2.3  
00485, 1.3  
00348, 2.4  
00283, 0.2  
00363, 0.6  
00435, 0.2  
00313, 1.5  
00402, 2.6  
00364, 2.2  
00365, 2.1  
00284, 0.5  
00285, 2.9  
00349, 2.1  
00436, 3.8  
00437, 2.2  
00600, -0.6 
00314, 0.1  
00286, 2.4  
00438, 0.8  
00487, 2.5  
00287, 4.0  
00403, 0.3  
00395, 0.9  
00404, -0.3 
00601, 0.7  
00439, 0.7  
00396, -0.4 
00405, 1.6  
00488, 1.1  
00602, 1.5  
00288, 0.8  
00397, 1.3  
00603, 1.1  
00406, 0.8  
00489, 1.7  
00407, 1.6  
00289, 3.2  
00398, 0.4  
00486, 1.2  
00408, 1.5  
00490, 1.6  
00290, -0.4 
00604, 1.1  
00487, 1.7  
00409, -0.5 
00399, 2.1  
00491, 1.8  
00488, 1.9  
00291, 1.4  
00605, 1.0  
00400, 1.8  
00350, 0.2  
00606, 2.0  
00492, 0.9  
00292, 1.2  
00366, 0.7  
00493, 2.0  
00401, 0.7  
00440, -0.0 
00494, 1.3  
00117, 0.5  
00402, -0.4 
00607, 1.3  
00441, 2.4  
00403, 1.5  
00367, 0.9  
00410, 2.4  
00293, 4.1  
00404, -0.6 
00489, -0.7 
00315, 0.5  
00495, 0.9  
00496, 2.1  
00608, 1.0  
00405, 0.6  
00411, 1.7  
00442, 0.5  
00497, 1.1  
00412, 0.3  
00498, 1.2  
00118, -0.1 
00316, 0.3  
00294, -0.6 
00499, -0.1 
00406, 1.2  
00609, 3.0  
00500, 0.5  
00351, 1.2  
00501, 1.4  
00352, 1.6  
00413, 0.8  
00443, 1.4  
00490, 0.1  
00407, 0.9  
00119, 0.2  
00353, 0.9  
00502, 0.3  
00491, 1.6  
00492, 0.5  
00503, 0.3  
00354, 0.4  
00295, -0.0 
00504, 1.0  
00505, -0.0 
00610, 0.9  
00296, 1.7  
00355, 0.5  
00611, 0.6  
00118, 1.8  
00356, 2.1  
00297, 0.8  
00506, 2.2  
00368, 1.3  
00357, 1.1  
00358, 1.1  
00317, 1.3  
00612, 1.4  
00613, 0.5  
00444, 2.2  
00414, 3.1  
00507, 3.5  
00318, 1.9  
00508, 0.5  
00119, -0.2 
00120, 2.4  
00121, 0.6  
00445, 1.1  
00319, -0.3 
00001, 1.6  
00001, 1.8  
00002, 1.9  
00003, 1.0  
00001, 2.3  
00004, 33.5 
00005, 0.7  
00006, 0.5  
00002, 1.4  
00007, 0.4  
00001, 1.5  
00003, 1.8  
00001, 15.0 
00002, 15.0 
00003, 15.0 
00004, 15.0 
00005, 15.0 
00006, 15.0 
00007, 15.0 
00008, 15.0 
00009, 15.0 
00010, 15.0 
00011, 15.0 
00012, 15.0 
00013, 15.0 
00014, 15.0 
00015, 15.0 
00016, 15.0 
00017, 15.0 
00018, 15.0 
00019, 15.0 
00020, 15.0 
00021, 15.0 
00022, 15.0 
00023, 15.0 
00024, 15.0 
00025, 15.0 
00026, 15.0 
00027, 15.0 
00028, 15.0 
00029, 15.0 
00030, 15.0 
00031, 15.0 
00032, 15.0 
00033, 15.0 
00034, 15.0 
00035, 15.0 
00036, 15.0 
00037, 15.0 
00038, 15.0 
00039, 15.0 
00040, 15.0 
00041, 15.0 
00042, 15.0 
00043, 15.0 
00044, 15.0 
00045, 15.0 
00046, 15.0 
00047, 15.0 
00048, 15.0 
00049, 15.0 
00050, 15.0 
00051, 15.0 
00052, 15.0 
00053, 15.0 
00054, 15.0 
00055, 15.0 
00056, 15.0 
00057, 15.0 
00058, 15.0 
00059, 15.0 
00060, 15.0 
00061, 15.0 
00062, 15.0 
00063, 15.0 
00064, 15.0 
00065, 15.0 
00066, 15.0 
00067, 15.0 
00068, 15.0 
00069, 15.0 
00070, 15.0 
00071, 15.0 
00001, 1.4  
00001, 2.8  
00001, 2.2  
00001, 1.4  
00001, 2.3  
00002, 1.5  
00001, 1.7  
00002, 1.1  
00002, 1.5  
00001, 0.8  
00002, 0.9  
00003, 0.4  
00003, 0.1  
00002, 1.1  
00004, 1.3  
00003, 0.4  
00003, 0.2  
00001, 0.7  
00002, 1.6  
00004, 1.0  
00005, 1.8  
00004, 0.1  
00005, 0.3  
00005, 0.5  
00006, 0.0  
00006, -0.0 
00004, 0.5  
00007, 0.9  
00003, 0.7  
00002, 1.0  
00008, -0.4 
00004, 0.4  
00005, -0.4 
00006, 1.2  
00003, 1.2  
00003, 0.8  
00002, 1.3  
00007, 0.2  
00007, 0.0  
00006, 1.0  
00004, 0.7  
00008, -0.3 
00009, -0.2 
00010, 1.0  
00009, 0.7  
00011, 1.4  
00007, 0.2  
00008, 0.4  
00010, 0.5  
00001, 1.2  
00009, 0.1  
00010, 1.0  
00003, -0.1 
00011, 0.8  
00012, 2.5  
00012, 1.1  
00001, 1.2  
00001, 2.3  
00001, 1.8  
00001, 53.5 
00002, 53.3 
00001, 53.7 
00003, 53.3 
00001, 53.3 
00002, 53.2 
00003, 53.5 
00001, 16.3 
00002, -18.3
00001, 7.1  
00002, 20.8 
00001, 10.4 
00002, 12.1 
00003, 4.9  
00001, 1.3  
00003, 9.5  
00002, 4.6  
00004, 53.4 
00004, 53.5 
00003, 5.8  
00004, 0.1  
00003, 3.2  
00005, 2.3  
00006, 0.9  
00007, 2.7  
00008, 2.4  
00005, 3.2  
00009, 3.6  
00006, 9.9  
00005, -0.9 
00006, 53.4 
00010, 2.5  
00004, 4.4  
00011, 4.4  
00007, 1.9  
00007, 3.1  
00005, 53.4 
00006, 6.0  
00007, 3.1  
00008, 4.7  
00008, 8.3  
00012, 1.8  
00009, 18.5 
00010, 3.0  
00008, 6.1  
00013, 2.9  
00014, 53.4 
00009, 19.1 
00015, 2.0  
00010, 0.8  
00011, 4.2  
00009, -1.6 
00012, 1.4  
00010, 3.3  
00013, 2.9  
00014, 1.1  
00011, 1.9  
00011, 53.4 
00012, 3.4  
00013, 4.3  
00015, 20.8 
00012, 3.0  
00016, 53.4 
00017, 13.9 
00016, 6.4  
00013, 16.1 
00014, 15.0 
00015, 3.4  
00017, 3.2  
00014, 3.5  
00015, 3.3  
00016, 2.1  
00018, 3.6  
00017, 2.1  
00018, 3.7  
00019, 4.4  
00018, 2.6  
00020, 2.6  
00016, 2.0  
00019, 16.9 
00017, 20.3 
00019, 2.1  
00018, 2.1  
00021, 3.4  
00020, 2.2  
00020, 0.3  
00021, 4.4  
00022, 4.0  
00023, 5.1  
00021, 1.4  
00022, 19.3 
00023, 3.5  
00024, 3.6  
00024, 3.5  
00025, 3.4  
00025, 1.8  
00026, 3.4  
00022, 3.6  
00019, 1.9  
00020, 3.1  
00023, 4.4  
00026, 3.6  
00024, 4.0  
00025, 20.4 
00027, 20.7 
00028, 20.7 
00027, 2.2  
00021, 5.1  
00029, 1.7  
00022, 4.5  
00023, 5.9  
00030, 14.5 
00031, 6.6  
00028, 7.5  
00029, 17.9 
00030, 4.9  
00026, 53.3 
00027, 1.9  
00024, 2.1  
00028, 2.8  
00029, 4.0  
00031, 2.7  
00030, 3.3  
00025, 5.9  
00032, 13.4 
00026, 18.4 
00027, 16.5 
00031, 11.6 
00028, 13.6 
00032, 4.1  
00033, 2.1  
00034, 4.3  
00033, 3.4  
00032, 1.7  
00034, 16.7 
00029, 12.8 
00033, 10.8 
00035, 17.1 
00030, 11.5 
00031, 53.4 
00034, 5.4  
00036, 3.2  
00037, 4.2  
00038, 3.0  
00035, 2.7  
00039, 2.6  
00036, 2.0  
00040, 14.5 
00041, 3.0  
00035, 4.6  
00037, 0.8  
00032, 4.9  
00038, 2.9  
00033, 2.4  
00036, 6.6  
00037, 12.6 
00034, 2.2  
00042, 3.3  
00039, 2.9  
00043, 3.7  
00040, 3.5  
00038, 3.2  
00041, 1.9  
00042, 2.4  
00039, 4.0  
00044, 1.3  
00040, 3.0  
00035, 1.5  
00043, 18.1 
00036, 19.3 
00041, 5.6  
00037, 13.4 
00042, 13.5 
00038, 11.2 
00039, 3.7  
00043, 53.3 
00040, 53.6 
00045, 4.4  
00046, 3.1  
00047, 53.5 
00044, 3.9  
00044, 53.3 
00045, 2.6  
00046, 3.7  
00045, 4.4  
00048, 1.7  
00041, 3.9  
00047, 2.4  
00048, 1.5  
00042, 2.9  
00043, 1.0  
00049, 5.2  
00044, 4.9  
00050, 4.7  
00046, 18.1 
00045, 17.6 
00047, 19.9 
00046, 16.8 
00051, 53.4 
00048, 3.1  
00052, 2.4  
00049, 3.1  
00047, 2.3  
00048, 3.1  
00049, 14.2 
00050, 8.2  
00053, 5.5  
00051, 16.0 
00052, 15.7 
00049, 6.3  
00050, 13.9 
00050, 16.1 
00051, 15.5 
00054, 53.4 
00052, 53.4 
00051, 2.6  
00053, 3.1  
00055, 3.1  
00053, 3.1  
00056, 3.8  
00054, 3.3  
00057, 16.9 
00058, 4.1  
00059, 18.6 
00055, 17.6 
00060, 5.9  
00054, 14.8 
00056, 21.0 
00061, 5.3  
00055, 13.2 
00062, 20.6 
00056, 17.8 
00057, 18.2 
00052, 1.9  
00053, 3.6  
00054, 3.9  
00057, 53.4 
00055, 21.2 
00058, 19.0 
00059, 14.0 
00056, 15.9 
00060, 20.0 
00063, 53.4 
00058, 18.4 
00064, 20.5 
00057, 53.3 
00058, 53.5 
00059, 1.6  
00065, 3.6  
00061, 3.5  
00060, 1.3  
00059, 3.1  
00066, 3.7  
00062, 2.4  
00067, 2.0  
00068, 3.0  
00063, 5.1  
00069, 2.9  
00061, 3.7  
00060, 2.4  
00064, 5.0  
00062, 19.8 
00061, 18.2 
00063, 1.7  
00064, 16.1 
00065, 13.6 
00062, 5.0  
00063, 53.5 
00070, 2.4  
00065, 4.2  
00066, 9.9  
00067, 5.8  
00066, 14.0 
00067, 9.8  
00068, 15.3 
00064, 4.7  
00069, 16.7 
00068, 18.0 
00069, 6.5  
00070, 3.6  
00071, 1.9  
00070, 2.6  
00071, 4.4  
00072, 4.7  
00073, 2.6  
00071, 3.6  
00065, 20.6 
00072, 3.6  
00074, 2.1  
00072, 3.7  
00073, 4.3  
00075, 3.7  
00076, 2.0  
00073, 3.3  
00066, 5.6  
00067, 2.5  
00077, 3.3  
00078, 4.6  
00074, 3.6  
00079, 5.2  
00075, 5.0  
00074, 3.1  
00075, 2.0  
00076, 1.6  
00080, 3.6  
00068, 4.4  
00081, 1.9  
00076, 1.3  
00082, 3.7  
00077, 4.0  
00069, 3.8  
00077, 2.5  
00078, 3.7  
00083, 4.1  
00070, 4.0  
00079, 3.6  
00078, 4.1  
00080, 3.1  
00081, 2.5  
00079, 3.4  
00082, 4.8  
00080, 2.4  
00083, 2.4  
00081, 3.5  
00084, 2.0  
00084, 3.6  
00085, 2.2  
00085, 3.1  
00082, 3.7  
00083, 3.6  
00084, 3.6  
00086, 0.4  
00085, 2.2  
00086, 4.2  
00086, 1.5  
00071, 2.1  
00087, 3.7  
00072, 5.1  
00087, 3.7  
00073, 5.6  
00088, 3.1  
00074, 2.9  
00087, 3.2  
00089, 2.9  
00088, 5.1  
00090, 2.3  
00091, 4.1  
00092, 3.9  
00089, 4.4  
00088, 3.6  
00090, 4.4  
00091, 18.3 
00093, 20.0 
00075, 9.6  
00076, 17.6 
00094, 53.4 
00077, 53.5 
00095, 1.2  
00078, 53.4 
00089, 3.9  
00096, 5.1  
00092, 2.6  
00097, 3.0  
00090, 3.3  
00091, 3.5  
00098, 2.8  
00099, 5.4  
00092, 4.2  
00079, 2.6  
00093, 4.2  
00093, 4.0  
00094, 3.3  
00100, 2.7  
00101, 3.5  
00094, 3.0  
00095, 18.4 
00102, 11.6 
00096, 13.7 
00095, 9.4  
00096, 14.1 
00080, 8.0  
00097, 12.3 
00103, 4.8  
00098, 3.6  
00104, 3.5  
00099, 3.1  
00097, 3.7  
00105, 2.4  
00106, 2.5  
00081, 2.4  
00107, 3.5  
00082, 3.7  
00100, 4.3  
00098, 2.7  
00108, 3.6  
00083, 2.7  
00109, 1.1  
00084, 2.0  
00101, 4.6  
00102, 2.6  
00110, 3.5  
00111, 53.5 
00085, 53.7 
00112, 17.1 
00113, 53.5 
00086, 53.4 
00099, 53.5 
00114, 20.8 
00087, 53.4 
00088, 53.5 
00089, 5.0  
00103, 4.6  
00104, 1.5  
00100, 3.5  
00090, 2.5  
00091, 2.3  
00101, 6.1  
00105, 19.9 
00115, 21.0 
00092, 16.9 
00116, 17.9 
00102, 20.0 
00103, 11.8 
00093, 1.8  
00106, 4.0  
00104, 3.0  
00105, 2.6  
00117, 2.9  
00107, 3.2  
00108, 2.9  
00118, 4.5  
00094, 3.5  
00119, 4.0  
00095, 2.4  
00120, 2.7  
00109, 3.1  
00121, 3.4  
00110, 3.0  
00106, 3.2  
00107, 1.6  
00111, 4.3  
00122, 2.8  
00108, 4.0  
00123, 2.9  
00112, 2.1  
00124, 4.2  
00113, -0.0 
00109, 2.6  
00114, 4.6  
00125, 4.7  
00115, 3.6  
00096, 3.6  
00110, 2.6  
00116, 3.2  
00111, 3.1  
00117, 2.6  
00112, 3.1  
00097, 1.5  
00113, 3.8  
00118, 4.0  
00119, 13.3 
00098, 0.4  
00126, 53.3 
00127, 13.5 
00120, 53.5 
00121, 53.5 
00114, 4.5  
00128, 4.1  
00115, 3.0  
00116, 4.1  
00099, 53.5 
00122, 2.9  
00100, 53.4 
00101, 2.1  
00117, 3.4  
00102, 2.6  
00118, 2.0  
00123, 3.1  
00103, 4.9  
00129, 53.4 
00104, 53.4 
00130, 53.4 
00105, 16.4 
00106, 17.9 
00107, 53.3 
00108, 53.4 
00131, 53.3 
00124, 53.5 
00132, 53.5 
00109, 53.5 
00119, 5.6  
00125, 53.5 
00120, 4.6  
00133, 2.1  
00121, 3.7  
00134, 4.2  
00135, 3.5  
00136, 3.5  
00110, 4.5  
00122, 3.8  
00111, 4.1  
00112, 3.5  
00123, 53.7 
00137, 4.5  
00113, 53.4 
00126, 53.4 
00114, 53.4 
00124, 53.4 
00127, 17.2 
00115, 3.9  
00125, 4.1  
00116, 3.5  
00117, 5.9  
00118, 53.3 
00119, 53.4 
00128, 53.5 
00129, 53.5 
00126, 53.5 
00127, 13.5 
00138, 6.1  
00139, 2.0  
00120, 4.7  
00128, 4.5  
00129, 3.3  
00121, 53.4 
00122, 0.8  
00001, -16.3
00001, 2.5  
00001, 14.5 
00001, 14.9 
00002, 18.4 
00002, -17.9
00001, 14.3 
00001, 6.2  
00001, 13.2 
00001, -16.7
00001, 27.0 
00001, 7.7  
00001, 26.6 
00001, 31.2 
00002, 16.0 
00002, 1.4  
00002, 20.5 
00002, 16.5 
00001, 10.0 
00001, 1.6  
00001, 4.7  
00001, 20.2 
00001, 3.5  
00001, 0.2  
00001, 0.2  
00001, 0.2  
00001, 0.2  
00002, 0.2  
00002, 0.2  
00002, 0.0  
00002, 0.0  
00003, 0.2  
00003, 0.2  
00003, 0.2  
00003, 0.2  
00004, 0.1  
00004, 0.1  
00004, 0.1  
00004, 0.0  
00005, 0.2  
00005, 0.2  
00005, 0.2  
00005, 0.2  
00006, 0.0  
00006, 0.2  
00006, 0.0  
00006, 0.2  
00001, 6.1  
00001, 0.2  
00001, 13.7 
00001, 25.2 
00002, 26.8 
00002, 16.5 
00002, 3.2  
00001, 4.2  
00001, 9.5  
00001, 3.7  
00002, 53.4 
00001, 1.1  
00002, 1.0  
00002, 53.5 
00002, 3.2  
00003, 1.4  
00003, 5.5  
00003, 53.3 
00004, 13.9 
00005, 2.2  
00004, 18.3 
00004, 12.5 
00006, 1.9  
00005, 7.3  
00006, 2.3  
00007, 4.0  
00007, 3.1  
00008, 8.9  
00003, 2.8  
00009, 0.8  
00004, 9.8  
00005, 5.3  
00006, 2.6  
00005, 0.0  
00008, 13.9 
00010, 8.0  
00006, 3.4  
00007, 2.2  
00007, 53.5 
00009, -2.0 
00011, 10.8 
00012, 53.5 
00010, 13.8 
00008, 12.9 
00013, 1.7  
00008, 53.4 
00014, 6.7  
00011, 1.8  
00009, 13.9 
00009, 53.4 
00015, 3.6  
00010, 53.3 
00016, 1.3  
00017, 10.6 
00018, 5.4  
00010, 53.3 
00012, 17.5 
00011, 1.7  
00012, 4.2  
00019, 1.6  
00013, 2.0  
00020, 18.2 
00021, 9.7  
00013, 11.4 
00014, 13.5 
00022, 10.0 
00015, 4.0  
00014, 2.2  
00015, 3.6  
00023, 2.9  
00016, 1.8  
00011, 1.8  
00012, 8.6  
00013, 2.6  
00016, 5.8  
00017, -3.5 
00014, 53.5 
00024, 3.4  
00018, 15.8 
00015, 14.0 
00017, 2.5  
00019, 4.9  
00025, 2.6  
00020, 12.9 
00021, 11.4 
00016, -1.3 
00018, -1.3 
00019, 53.4 
00017, 3.7  
00020, 2.5  
00022, 14.0 
00026, 4.5  
00023, 3.0  
00024, 11.6 
00021, 8.1  
00025, 9.7  
00018, 5.5  
00022, 5.4  
00026, 4.7  
00023, 3.1  
00024, 5.5  
00027, 2.3  
00028, 2.1  
00029, 53.5 
00030, 4.4  
00025, 12.0 
00027, 13.6 
00031, 8.7  
00032, 14.6 
00028, 12.0 
00033, 13.7 
00029, 14.2 
00030, 12.6 
00019, 53.6 
00031, 3.9  
00032, 53.5 
00034, 53.4 
00026, 3.5  
00033, 2.0  
00027, 2.9  
00028, 4.0  
00034, 3.8  
00035, 3.4  
00036, 3.0  
00035, 2.3  
00036, 3.7  
00037, 3.4  
00029, 4.9  
00030, 53.4 
00020, 53.7 
00031, 9.0  
00037, 53.7 
00021, 53.4 
00032, 1.2  
00022, 53.5 
00033, 3.5  
00038, 4.7  
00034, 3.6  
00038, 3.7  
00039, 3.9  
00023, 53.4 
00035, 53.5 
00036, 4.1  
00040, 53.4 
00039, 3.5  
00041, 4.9  
00042, 3.9  
00037, 53.6 
00038, 53.4 
00039, 53.5 
00043, 2.5  
00040, 3.1  
00044, 4.7  
00040, 2.9  
00041, 2.4  
00024, 3.4  
00042, 3.5  
00045, 4.6  
00025, 3.0  
00043, 3.1  
00026, 3.9  
00041, 2.1  
00042, 53.5 
00027, 3.0  
00046, 2.5  
00028, 4.7  
00047, 4.3  
00043, 3.0  
00044, 3.1  
00044, 2.8  
00029, 4.0  
00045, 3.3  
00045, 2.9  
00046, 3.0  
00047, 4.4  
00048, 3.3  
00030, 2.9  
00046, 5.7  
00031, 4.3  
00047, 2.1  
00048, 53.4 
00049, 5.3  
00050, 1.9  
00049, 1.9  
00032, 53.3 
00033, 53.5 
00048, 53.4 
00051, 3.0  
00050, 53.4 
00051, 3.9  
00052, 4.4  
00052, 2.2  
00053, 4.9  
00034, 2.6  
00053, 3.6  
00054, 2.5  
00035, 2.4  
00036, 4.6  
00037, 4.0  
00038, 3.4  
00049, 53.3 
00050, 53.5 
00054, 53.5 
00055, 4.3  
00055, 53.5 
00056, 3.0  
00051, 53.3 
00052, 53.5 
00057, 4.8  
00039, 4.4  
00058, 53.4 
00053, 4.8  
00056, 53.5 
00059, 2.1  
00054, 6.3  
00040, 1.9  
00041, 53.4 
00057, 53.5 
00060, 53.5 
00042, 3.9  
00055, 53.5 
00058, 53.5 
00059, 53.5 
00056, 5.2  
00057, 53.4 
00058, 53.4 
00061, 53.4 
00043, 53.5 
00044, 4.2  
00060, 6.3  
00061, 53.5 
00062, 53.5 
00059, 53.6 
00045, 53.3 
00063, 53.5 
00064, 4.5  
00046, 53.4 
00062, 53.5 
00047, 53.5 
00060, 53.5 
00065, 53.6 
00048, 5.7  
00061, 53.5 
00062, 53.4 
00049, 53.3 
00050, 53.4 
00063, 53.3 
00066, 53.3 
00051, 4.0  
00067, 53.4 
00068, 4.3  
00052, 4.9  
00069, 3.0  
00053, 3.9  
00063, 3.2  
00070, 5.9  
00054, 4.0  
00064, 5.2  
00065, 53.3 
00055, 53.1 
00071, 53.5 
00064, 53.5 
00066, 53.5 
00056, 53.5 
00065, 53.5 
00057, 4.4  
00066, 3.7  
00058, 4.4  
00072, 3.3  
00067, 1.6  
00067, 2.7  
00068, 1.0  
00068, 2.3  
00059, 1.7  
00073, 3.6  
00069, 3.1  
00074, 4.5  
00060, 3.5  
00069, 2.3  
00061, 53.6 
00070, 53.4 
00062, 53.5 
00063, 53.5 
00075, 53.5 
00064, 53.4 
00071, 4.8  
00070, 53.4 
00076, 53.4 
00072, 53.4 
00073, 53.3 
00077, 53.5 
00078, 53.6 
00071, 53.4 
00072, 53.4 
00073, 53.4 
00074, 53.3 
00065, 53.4 
00066, 53.4 
00075, 53.4 
00067, 53.6 
00074, 53.4 
00068, 53.6 
00069, 53.5 
00079, 53.4 
00076, 53.4 
00070, 2.0  
00075, 53.5 
00071, 53.5 
00077, 53.4 
00076, 53.4 
00080, 6.4  
00077, 53.4 
00078, 5.1  
00078, 53.5 
00081, 53.3 
00079, 53.5 
00072, 53.6 
00079, 53.6 
00082, 53.4 
00080, 53.4 
00073, 53.4 
00083, 53.6 
00080, 53.4 
00081, 53.5 
00081, 5.1  
00082, 53.4 
00074, 53.3 
00084, 53.3 
00083, 53.5 
00075, 53.4 
00085, 6.4  
00086, 53.5 
00084, 53.5 
00082, 53.5 
00087, 53.4 
00088, 53.6 
00085, 53.4 
00089, 4.8  
00083, 4.2  
00076, 2.1  
00084, 53.3 
00085, 3.8  
00090, 4.4  
00091, 2.0  
00077, 2.6  
00086, 5.3  
00078, 4.5  
00087, 3.0  
00092, 2.5  
00079, 3.9  
00088, 3.1  
00093, 4.1  
00094, 3.8  
00080, 4.3  
00081, 1.3  
00089, 5.8  
00086, 4.0  
00087, 2.9  
00090, 3.5  
00095, 4.6  
00088, 2.9  
00091, 4.5  
00089, 53.3 
00082, 3.7  
00090, 3.5  
00083, 4.0  
00084, 53.5 
00096, 4.1  
00091, 3.7  
00092, 2.6  
00093, 3.5  
00085, 3.8  
00097, 53.6 
00098, 53.4 
00086, 53.4 
00094, 4.3  
00099, 53.4 
00095, 6.4  
00087, 53.4 
00088, 53.3 
00100, 53.4 
00101, 3.3  
00089, 3.3  
00096, 2.9  
00090, 3.6  
00102, 2.4  
00103, 3.7  
00097, 3.6  
00091, 2.2  
00098, 3.4  
00092, 1.3  
00099, 3.2  
00100, 3.1  
00093, 53.4 
00101, 53.5 
00094, 4.9  
00092, 53.6 
00102, 3.0  
00103, 2.7  
00104, 3.4  
00095, 1.6  
00104, 3.9  
00105, 1.9  
00096, 8.5  
00097, 4.3  
00093, 53.5 
00094, 53.6 
00105, 53.3 
00106, 53.4 
00106, 53.3 
00098, 53.3 
00095, 53.3 
00096, 53.5 
00107, 53.3 
00099, 53.4 
00107, 53.4 
00097, 53.4 
00108, 53.4 
00098, 53.5 
00109, 53.4 
00108, 53.4 
00100, 53.5 
00099, 53.4 
00101, 53.3 
00110, 53.4 
00111, 53.5 
00109, 53.4 
00112, 53.5 
00100, 53.5 
00113, 53.5 
00101, 53.4 
00102, 53.4 
00114, 53.4 
00115, 3.9  
00116, 4.8  
00117, 53.6 
00102, 4.0  
00110, 2.7  
00118, 4.3  
00103, 2.4  
00111, 4.0  
00112, 5.8  
00103, 5.1  
00104, 53.5 
00105, 53.3 
00113, 53.5 
00104, 53.4 
00119, 53.7 
00105, 53.3 
00106, 53.4 
00120, 53.3 
00106, 53.4 
00107, 53.6 
00108, 53.2 
00107, 53.6 
00114, 1.5  
00121, 53.4 
00115, 53.5 
00116, 53.5 
00108, 53.3 
00109, 53.4 
00110, 53.4 
00109, 53.5 
00117, 53.3 
00122, 53.4 
00118, 53.4 
00111, 53.4 
00123, 4.8  
00112, 53.3 
00113, 53.4 
00119, 53.5 
00110, 3.6  
00120, 53.5 
00124, 53.5 
00111, 9.7  
00114, 53.4 
00125, 53.6 
00115, 53.4 
00126, 53.3 
00116, 53.4 
00117, 4.0  
00118, 5.1  
00121, 5.5  
00127, 2.1  
00119, 3.4  
00120, 53.4 
00128, 53.3 
00129, 3.9  
00130, 53.4 
00131, 53.4 
00121, 53.4 
00122, 53.5 
00112, 20.5 
00132, 53.5 
00122, 53.5 
00113, 53.3 
00123, 53.5 
00114, 53.4 
00133, 5.8  
00115, 53.3 
00124, 53.5 
00123, 53.4 
00134, 2.0  
00125, 53.4 
00126, 53.5 
00116, 53.5 
00124, 53.4 
00127, 53.5 
00135, 53.2 
00128, 53.3 
00129, 53.3 
00117, 53.5 
00118, 53.4 
00125, 53.5 
00126, 53.4 
00127, 53.5 
00136, 53.4 
00137, 4.3  
00138, 53.4 
00139, 53.4 
00130, 3.3  
00140, 3.6  
00128, 53.4 
00141, 53.5 
00142, 53.4 
00143, 53.5 
00144, 53.4 
00129, 53.4 
00131, 53.4 
00132, 53.3 
00133, 53.5 
00130, 53.5 
00131, 53.4 
00132, 53.4 
00133, 53.4 
00145, 53.4 
00134, 53.5 
00135, 53.3 
00119, 53.3 
00136, 53.3 
00120, 53.4 
00121, 53.4 
00134, 53.5 
00122, 53.3 
00135, 53.6 
00146, 53.5 
00136, 53.5 
00137, 4.0  
00138, 53.6 
00139, 53.6 
00140, 53.5 
00147, 53.4 
00123, 53.5 
00137, 53.3 
00124, 53.6 
00141, 53.3 
00148, 53.6 
00138, 53.4 
00139, 53.5 
00149, 53.4 
00140, 53.6 
00141, 53.5 
00125, 53.5 
00142, 53.3 
00150, 53.4 
00143, 53.5 
00151, 1.9  
00152, 53.3 
00153, 53.4 
00126, 4.8  
00144, 53.3 
00154, 53.4 
00155, 53.3 
00145, 53.3 
00142, 53.4 
00127, 53.3 
00146, 53.4 
00143, 53.3 
00147, 4.8  
00148, 53.5 
00156, 53.5 
00149, 53.4 
00150, 53.5 
00128, 53.5 
00151, 53.5 
00129, 53.6 
00152, 53.5 
00157, 53.6 
00130, 53.5 
00144, 53.4 
00145, 53.5 
00131, 53.4 
00158, 53.7 
00132, 53.4 
00146, 53.6 
00153, 53.4 
00147, 53.5 
00159, 53.4 
00133, 53.4 
00148, 53.5 
00134, 53.5 
00160, 53.3 
00161, 53.5 
00162, 53.4 
00154, 53.5 
00155, 5.1  
00135, 5.3  
00163, 53.3 
00136, 53.4 
00149, 53.5 
00156, 53.4 
00137, 53.4 
00157, 53.5 
00138, 53.5 
00158, 53.5 
00159, 53.5 
00164, 53.3 
00139, 53.5 
00150, 53.5 
00165, 53.4 
00160, 53.4 
00151, 53.5 
00140, 53.6 
00141, 53.3 
00166, 53.5 
00167, 53.4 
00161, 53.4 
00152, 53.6 
00142, 53.5 
00162, 53.4 
00143, 53.5 
00163, 53.4 
00153, 53.5 
00168, 53.5 
00154, 53.4 
00144, 53.6 
00145, 53.4 
00169, 53.3 
00146, 53.4 
00170, 53.4 
00164, 53.3 
00165, 53.5 
00147, 53.4 
00166, 53.4 
00167, 53.5 
00168, 5.3  
00171, 53.4 
00155, 53.4 
00148, 53.4 
00172, 53.3 
00169, 53.5 
00170, 53.4 
00156, 53.4 
00173, 53.4 
00174, 53.3 
00149, 53.7 
00150, 53.4 
00157, 53.5 
00171, 6.4  
00158, 53.4 
00172, 53.5 
00175, 53.4 
00176, 53.5 
00177, 53.3 
00173, 53.3 
00178, 53.5 
00159, 53.4 
00179, 53.4 
00174, 53.5 
00175, 53.6 
00176, 53.4 
00180, 53.4 
00177, 53.4 
00151, 53.3 
00181, 53.4 
00182, 53.5 
00178, 53.3 
00179, 53.5 
00183, 53.4 
00160, 53.3 
00161, 53.5 
00152, 53.3 
00184, 53.4 
00185, 53.5 
00180, 53.4 
00162, 53.3 
00163, 53.5 
00186, 53.4 
00181, 53.5 
00187, 53.3 
00182, 53.5 
00164, 5.9  
00165, 5.2  
00166, 1.5  
00167, 53.7 
00188, 53.5 
00189, 53.4 
00190, 53.5 
00191, 53.4 
00168, 53.4 
00192, 53.5 
00193, 53.4 
00169, 53.5 
00183, 53.4 
00184, 53.3 
00194, 53.3 
00170, 53.4 
00153, 53.4 
00154, 53.4 
00171, 53.4 
00195, 53.4 
00185, 53.5 
00155, 53.4 
00186, 53.6 
00187, 53.5 
00196, 53.5 
00172, 53.3 
00156, 53.5 
00188, 53.5 
00173, 53.4 
00197, 53.5 
00157, 53.4 
00158, 6.8  
00159, 53.4 
00160, 53.5 
00189, 53.7 
00161, 53.4 
00174, 53.5 
00190, 53.6 
00162, 53.3 
00163, 53.4 
00164, 53.4 
00175, 53.4 
00176, 53.4 
00177, 53.4 
00165, 53.5 
00178, 53.4 
00179, 53.5 
00180, 53.4 
00198, 53.3 
00199, 53.4 
00200, 53.4 
00201, 53.4 
00181, 53.3 
00191, 53.4 
00182, 5.4  
00166, 53.5 
00202, 53.4 
00167, 4.3  
00183, 4.3  
00203, 1.0  
00168, 53.5 
00192, 53.5 
00204, 53.4 
00169, 53.4 
00170, 53.4 
00184, 53.5 
00205, 53.4 
00206, 53.5 
00207, 53.4 
00193, 53.5 
00208, 53.4 
00185, 53.5 
00209, 53.5 
00194, 53.5 
00210, 53.3 
00195, 53.3 
00196, 53.4 
00211, 53.3 
00171, 53.4 
00197, 53.5 
00198, 53.3 
00212, 53.3 
00213, 53.3 
00214, 53.4 
00172, 53.4 
00199, 53.4 
00200, 53.4 
00215, 53.4 
00201, 53.4 
00202, 53.4 
00186, 53.4 
00173, 53.5 
00216, 53.5 
00217, 53.4 
00218, 53.4 
00219, 53.4 
00203, 4.7  
00204, 53.4 
00187, 53.4 
00205, 53.6 
00220, 53.5 
00221, 53.5 
00174, 53.4 
00188, 53.4 
00175, 53.4 
00189, 53.4 
00206, 5.4  
00190, 1.8  
00222, 5.8  
00223, 53.4 
00224, 53.4 
00207, 53.4 
00225, 53.3 
00226, 53.3 
00191, 53.4 
00176, 53.6 
00227, 53.4 
00228, 53.4 
00192, 53.5 
00229, 53.5 
00208, 53.4 
00209, 53.4 
00210, 53.4 
00211, 53.4 
00193, 53.6 
00230, 53.4 
00212, 53.4 
00177, 53.6 
00213, 53.3 
00231, 53.3 
00214, 53.5 
00232, 53.4 
00178, 53.6 
00179, 53.4 
00233, 53.5 
00180, 53.3 
00215, 5.6  
00181, 53.4 
00234, 53.4 
00182, 53.3 
